#
# A fatal error has been detected by the Java Runtime Environment:
#
#  SIGFPE (0x8) at pc=0x000000011b78e168, pid=4827, tid=8707
#
# JRE version: Java(TM) SE Runtime Environment (15.0.1+9) (build 15.0.1+9-18)
# Java VM: Java HotSpot(TM) 64-Bit Server VM (15.0.1+9-18, mixed mode, sharing, tiered, compressed oops, g1 gc, bsd-amd64)
# Problematic frame:
# j  com.srinivart.ProjectReactorApplicationTests.lambda$case17$21(Ljava/lang/Integer;)Ljava/lang/String;+4
#
# No core dump will be written. Core dumps have been disabled. To enable core dumping, try "ulimit -c unlimited" before starting Java again
#
# If you would like to submit a bug report, please visit:
#   https://bugreport.java.com/bugreport/crash.jsp
#

---------------  S U M M A R Y ------------

Command Line: -ea -Didea.test.cyclic.buffer.size=1048576 -javaagent:/Applications/IntelliJ IDEA Edu.app/Contents/lib/idea_rt.jar=51703:/Applications/IntelliJ IDEA Edu.app/Contents/bin -Dfile.encoding=UTF-8 com.intellij.rt.junit.JUnitStarter -ideVersion5 -junit5 com.srinivart.ProjectReactorApplicationTests,case17

Host: MacBookPro17,1 x86_64 2400 MHz, 8 cores, 8G, Darwin 20.2.0
Time: Fri Jun 25 23:52:40 2021 IST elapsed time: 5.369225 seconds (0d 0h 0m 5s)

---------------  T H R E A D  ---------------

Current thread (0x00007fab49013c00):  JavaThread "main" [_thread_in_Java, id=8707, stack(0x000000030d43a000,0x000000030d53a000)]

Stack: [0x000000030d43a000,0x000000030d53a000],  sp=0x000000030d536b00,  free space=1010k
Native frames: (J=compiled Java code, A=aot compiled Java code, j=interpreted, Vv=VM code, C=native code)
j  com.srinivart.ProjectReactorApplicationTests.lambda$case17$21(Ljava/lang/Integer;)Ljava/lang/String;+4
j  com.srinivart.ProjectReactorApplicationTests$$Lambda$934+0x0000000800fb27c0.apply(Ljava/lang/Object;)Ljava/lang/Object;+4
j  reactor.core.publisher.FluxMapFuseable$MapFuseableSubscriber.onNext(Ljava/lang/Object;)V+47
j  reactor.core.publisher.FluxArray$ArraySubscription.fastPath()V+86
j  reactor.core.publisher.FluxArray$ArraySubscription.request(J)V+29
j  reactor.core.publisher.FluxMapFuseable$MapFuseableSubscriber.request(J)V+5
j  reactor.core.publisher.Operators$MultiSubscriptionSubscriber.set(Lorg/reactivestreams/Subscription;)V+92
j  reactor.core.publisher.FluxOnErrorResume$ResumeSubscriber.onSubscribe(Lorg/reactivestreams/Subscription;)V+19
j  reactor.core.publisher.FluxMapFuseable$MapFuseableSubscriber.onSubscribe(Lorg/reactivestreams/Subscription;)V+24
j  reactor.core.publisher.FluxArray.subscribe(Lreactor/core/CoreSubscriber;[Ljava/lang/Object;)V+48
j  reactor.core.publisher.FluxArray.subscribe(Lreactor/core/CoreSubscriber;)V+5
j  reactor.core.publisher.Flux.subscribe(Lorg/reactivestreams/Subscriber;)V+71
j  reactor.core.publisher.Flux.subscribeWith(Lorg/reactivestreams/Subscriber;)Lorg/reactivestreams/Subscriber;+2
j  reactor.core.publisher.Flux.subscribe(Ljava/util/function/Consumer;Ljava/util/function/Consumer;Ljava/lang/Runnable;Lreactor/util/context/Context;)Lreactor/core/Disposable;+14
j  reactor.core.publisher.Flux.subscribe(Ljava/util/function/Consumer;Ljava/util/function/Consumer;Ljava/lang/Runnable;)Lreactor/core/Disposable;+8
j  reactor.core.publisher.Flux.subscribe()Lreactor/core/Disposable;+4
j  com.srinivart.ProjectReactorApplicationTests.case17()V+41
v  ~StubRoutines::call_stub
V  [libjvm.dylib+0x4ad312]  JavaCalls::call_helper(JavaValue*, methodHandle const&, JavaCallArguments*, Thread*)+0x2e2
V  [libjvm.dylib+0x89ceae]  invoke(InstanceKlass*, methodHandle const&, Handle, bool, objArrayHandle, BasicType, objArrayHandle, bool, Thread*)+0x8ee
V  [libjvm.dylib+0x89c594]  Reflection::invoke_method(oopDesc*, Handle, objArrayHandle, Thread*)+0x244
V  [libjvm.dylib+0x55b399]  JVM_InvokeMethod+0x329
J 2659  jdk.internal.reflect.NativeMethodAccessorImpl.invoke0(Ljava/lang/reflect/Method;Ljava/lang/Object;[Ljava/lang/Object;)Ljava/lang/Object; java.base@15.0.1 (0 bytes) @ 0x000000012334359d [0x00000001233434a0+0x00000000000000fd]
J 2658 c1 jdk.internal.reflect.NativeMethodAccessorImpl.invoke(Ljava/lang/Object;[Ljava/lang/Object;)Ljava/lang/Object; java.base@15.0.1 (117 bytes) @ 0x000000011c23d7c4 [0x000000011c23cc20+0x0000000000000ba4]
J 2194 c1 jdk.internal.reflect.DelegatingMethodAccessorImpl.invoke(Ljava/lang/Object;[Ljava/lang/Object;)Ljava/lang/Object; java.base@15.0.1 (10 bytes) @ 0x000000011c129a2c [0x000000011c129920+0x000000000000010c]
J 2425 c1 java.lang.reflect.Method.invoke(Ljava/lang/Object;[Ljava/lang/Object;)Ljava/lang/Object; java.base@15.0.1 (65 bytes) @ 0x000000011c1a4244 [0x000000011c1a3f00+0x0000000000000344]
j  org.junit.platform.commons.util.ReflectionUtils.invokeMethod(Ljava/lang/reflect/Method;Ljava/lang/Object;[Ljava/lang/Object;)Ljava/lang/Object;+41
j  org.junit.jupiter.engine.execution.MethodInvocation.proceed()Ljava/lang/Object;+16
j  org.junit.jupiter.engine.execution.InvocationInterceptorChain$ValidatingInvocation.proceed()Ljava/lang/Object;+8
j  org.junit.jupiter.engine.extension.TimeoutExtension.intercept(Lorg/junit/jupiter/api/extension/InvocationInterceptor$Invocation;Lorg/junit/jupiter/api/extension/ReflectiveInvocationContext;Lorg/junit/jupiter/api/extension/ExtensionContext;Lorg/junit/jupiter/engine/extension/TimeoutDuration;Lorg/junit/jupiter/engine/extension/TimeoutExtension$TimeoutProvider;)Ljava/lang/Object;+28
j  org.junit.jupiter.engine.extension.TimeoutExtension.interceptTestableMethod(Lorg/junit/jupiter/api/extension/InvocationInterceptor$Invocation;Lorg/junit/jupiter/api/extension/ReflectiveInvocationContext;Lorg/junit/jupiter/api/extension/ExtensionContext;Lorg/junit/jupiter/engine/extension/TimeoutExtension$TimeoutProvider;)Ljava/lang/Object;+31
j  org.junit.jupiter.engine.extension.TimeoutExtension.interceptTestMethod(Lorg/junit/jupiter/api/extension/InvocationInterceptor$Invocation;Lorg/junit/jupiter/api/extension/ReflectiveInvocationContext;Lorg/junit/jupiter/api/extension/ExtensionContext;)V+9
j  org.junit.jupiter.engine.descriptor.TestMethodTestDescriptor$$Lambda$152+0x0000000800bc7170.apply(Lorg/junit/jupiter/api/extension/InvocationInterceptor;Lorg/junit/jupiter/api/extension/InvocationInterceptor$Invocation;Lorg/junit/jupiter/api/extension/ReflectiveInvocationContext;Lorg/junit/jupiter/api/extension/ExtensionContext;)V+5
j  org.junit.jupiter.engine.execution.ExecutableInvoker$ReflectiveInterceptorCall.lambda$ofVoidMethod$0(Lorg/junit/jupiter/engine/execution/ExecutableInvoker$ReflectiveInterceptorCall$VoidMethodInterceptorCall;Lorg/junit/jupiter/api/extension/InvocationInterceptor;Lorg/junit/jupiter/api/extension/InvocationInterceptor$Invocation;Lorg/junit/jupiter/api/extension/ReflectiveInvocationContext;Lorg/junit/jupiter/api/extension/ExtensionContext;)Ljava/lang/Void;+6
j  org.junit.jupiter.engine.execution.ExecutableInvoker$ReflectiveInterceptorCall$$Lambda$153+0x0000000800bc7590.apply(Lorg/junit/jupiter/api/extension/InvocationInterceptor;Lorg/junit/jupiter/api/extension/InvocationInterceptor$Invocation;Lorg/junit/jupiter/api/extension/ReflectiveInvocationContext;Lorg/junit/jupiter/api/extension/ExtensionContext;)Ljava/lang/Object;+9
j  org.junit.jupiter.engine.execution.ExecutableInvoker.lambda$invoke$0(Lorg/junit/jupiter/engine/execution/ExecutableInvoker$ReflectiveInterceptorCall;Lorg/junit/jupiter/api/extension/ReflectiveInvocationContext;Lorg/junit/jupiter/api/extension/ExtensionContext;Lorg/junit/jupiter/api/extension/InvocationInterceptor;Lorg/junit/jupiter/api/extension/InvocationInterceptor$Invocation;)Ljava/lang/Object;+6
j  org.junit.jupiter.engine.execution.ExecutableInvoker$$Lambda$384+0x0000000800c67ae8.apply(Lorg/junit/jupiter/api/extension/InvocationInterceptor;Lorg/junit/jupiter/api/extension/InvocationInterceptor$Invocation;)Ljava/lang/Object;+14
j  org.junit.jupiter.engine.execution.InvocationInterceptorChain$InterceptedInvocation.proceed()Ljava/lang/Object;+12
j  org.junit.jupiter.engine.execution.InvocationInterceptorChain.proceed(Lorg/junit/jupiter/api/extension/InvocationInterceptor$Invocation;)Ljava/lang/Object;+1
j  org.junit.jupiter.engine.execution.InvocationInterceptorChain.chainAndInvoke(Lorg/junit/jupiter/api/extension/InvocationInterceptor$Invocation;Lorg/junit/jupiter/engine/execution/InvocationInterceptorChain$InterceptorCall;Ljava/util/List;)Ljava/lang/Object;+24
j  org.junit.jupiter.engine.execution.InvocationInterceptorChain.invoke(Lorg/junit/jupiter/api/extension/InvocationInterceptor$Invocation;Lorg/junit/jupiter/engine/extension/ExtensionRegistry;Lorg/junit/jupiter/engine/execution/InvocationInterceptorChain$InterceptorCall;)Ljava/lang/Object;+31
j  org.junit.jupiter.engine.execution.ExecutableInvoker.invoke(Lorg/junit/jupiter/api/extension/InvocationInterceptor$Invocation;Lorg/junit/jupiter/api/extension/ReflectiveInvocationContext;Lorg/junit/jupiter/api/extension/ExtensionContext;Lorg/junit/jupiter/engine/extension/ExtensionRegistry;Lorg/junit/jupiter/engine/execution/ExecutableInvoker$ReflectiveInterceptorCall;)Ljava/lang/Object;+15
j  org.junit.jupiter.engine.execution.ExecutableInvoker.invoke(Ljava/lang/reflect/Method;Ljava/lang/Object;Lorg/junit/jupiter/api/extension/ExtensionContext;Lorg/junit/jupiter/engine/extension/ExtensionRegistry;Lorg/junit/jupiter/engine/execution/ExecutableInvoker$ReflectiveInterceptorCall;)Ljava/lang/Object;+56
j  org.junit.jupiter.engine.descriptor.TestMethodTestDescriptor.lambda$invokeTestMethod$6(Lorg/junit/jupiter/api/extension/ExtensionContext;Lorg/junit/jupiter/engine/execution/JupiterEngineExecutionContext;)V+28
j  org.junit.jupiter.engine.descriptor.TestMethodTestDescriptor$$Lambda$923+0x0000000800fb06c0.execute()V+12
j  org.junit.platform.engine.support.hierarchical.ThrowableCollector.execute(Lorg/junit/platform/engine/support/hierarchical/ThrowableCollector$Executable;)V+1
j  org.junit.jupiter.engine.descriptor.TestMethodTestDescriptor.invokeTestMethod(Lorg/junit/jupiter/engine/execution/JupiterEngineExecutionContext;Lorg/junit/platform/engine/support/hierarchical/Node$DynamicTestExecutor;)V+21
j  org.junit.jupiter.engine.descriptor.TestMethodTestDescriptor.execute(Lorg/junit/jupiter/engine/execution/JupiterEngineExecutionContext;Lorg/junit/platform/engine/support/hierarchical/Node$DynamicTestExecutor;)Lorg/junit/jupiter/engine/execution/JupiterEngineExecutionContext;+44
j  org.junit.jupiter.engine.descriptor.TestMethodTestDescriptor.execute(Lorg/junit/platform/engine/support/hierarchical/EngineExecutionContext;Lorg/junit/platform/engine/support/hierarchical/Node$DynamicTestExecutor;)Lorg/junit/platform/engine/support/hierarchical/EngineExecutionContext;+6
j  org.junit.platform.engine.support.hierarchical.NodeTestTask.lambda$executeRecursively$5()V+79
j  org.junit.platform.engine.support.hierarchical.NodeTestTask$$Lambda$231+0x0000000800bdd220.execute()V+4
j  org.junit.platform.engine.support.hierarchical.ThrowableCollector.execute(Lorg/junit/platform/engine/support/hierarchical/ThrowableCollector$Executable;)V+1
j  org.junit.platform.engine.support.hierarchical.NodeTestTask.lambda$executeRecursively$7(Lorg/junit/platform/engine/support/hierarchical/EngineExecutionContext;)V+15
j  org.junit.platform.engine.support.hierarchical.NodeTestTask$$Lambda$230+0x0000000800bdcff8.invoke(Lorg/junit/platform/engine/support/hierarchical/EngineExecutionContext;)V+5
j  org.junit.platform.engine.support.hierarchical.Node.around(Lorg/junit/platform/engine/support/hierarchical/EngineExecutionContext;Lorg/junit/platform/engine/support/hierarchical/Node$Invocation;)V+2
j  org.junit.platform.engine.support.hierarchical.NodeTestTask.lambda$executeRecursively$8()V+14
j  org.junit.platform.engine.support.hierarchical.NodeTestTask$$Lambda$229+0x0000000800bdcbd0.execute()V+4
j  org.junit.platform.engine.support.hierarchical.ThrowableCollector.execute(Lorg/junit/platform/engine/support/hierarchical/ThrowableCollector$Executable;)V+1
j  org.junit.platform.engine.support.hierarchical.NodeTestTask.executeRecursively()V+31
j  org.junit.platform.engine.support.hierarchical.NodeTestTask.execute()V+55
j  org.junit.platform.engine.support.hierarchical.SameThreadHierarchicalTestExecutorService$$Lambda$235+0x0000000800bddd38.accept(Ljava/lang/Object;)V+4
j  java.util.ArrayList.forEach(Ljava/util/function/Consumer;)V+46 java.base@15.0.1
j  org.junit.platform.engine.support.hierarchical.SameThreadHierarchicalTestExecutorService.invokeAll(Ljava/util/List;)V+6
j  org.junit.platform.engine.support.hierarchical.NodeTestTask.lambda$executeRecursively$5()V+116
j  org.junit.platform.engine.support.hierarchical.NodeTestTask$$Lambda$231+0x0000000800bdd220.execute()V+4
j  org.junit.platform.engine.support.hierarchical.ThrowableCollector.execute(Lorg/junit/platform/engine/support/hierarchical/ThrowableCollector$Executable;)V+1
j  org.junit.platform.engine.support.hierarchical.NodeTestTask.lambda$executeRecursively$7(Lorg/junit/platform/engine/support/hierarchical/EngineExecutionContext;)V+15
j  org.junit.platform.engine.support.hierarchical.NodeTestTask$$Lambda$230+0x0000000800bdcff8.invoke(Lorg/junit/platform/engine/support/hierarchical/EngineExecutionContext;)V+5
j  org.junit.platform.engine.support.hierarchical.Node.around(Lorg/junit/platform/engine/support/hierarchical/EngineExecutionContext;Lorg/junit/platform/engine/support/hierarchical/Node$Invocation;)V+2
j  org.junit.platform.engine.support.hierarchical.NodeTestTask.lambda$executeRecursively$8()V+14
j  org.junit.platform.engine.support.hierarchical.NodeTestTask$$Lambda$229+0x0000000800bdcbd0.execute()V+4
j  org.junit.platform.engine.support.hierarchical.ThrowableCollector.execute(Lorg/junit/platform/engine/support/hierarchical/ThrowableCollector$Executable;)V+1
j  org.junit.platform.engine.support.hierarchical.NodeTestTask.executeRecursively()V+31
j  org.junit.platform.engine.support.hierarchical.NodeTestTask.execute()V+55
j  org.junit.platform.engine.support.hierarchical.SameThreadHierarchicalTestExecutorService$$Lambda$235+0x0000000800bddd38.accept(Ljava/lang/Object;)V+4
j  java.util.ArrayList.forEach(Ljava/util/function/Consumer;)V+46 java.base@15.0.1
j  org.junit.platform.engine.support.hierarchical.SameThreadHierarchicalTestExecutorService.invokeAll(Ljava/util/List;)V+6
j  org.junit.platform.engine.support.hierarchical.NodeTestTask.lambda$executeRecursively$5()V+116
j  org.junit.platform.engine.support.hierarchical.NodeTestTask$$Lambda$231+0x0000000800bdd220.execute()V+4
j  org.junit.platform.engine.support.hierarchical.ThrowableCollector.execute(Lorg/junit/platform/engine/support/hierarchical/ThrowableCollector$Executable;)V+1
j  org.junit.platform.engine.support.hierarchical.NodeTestTask.lambda$executeRecursively$7(Lorg/junit/platform/engine/support/hierarchical/EngineExecutionContext;)V+15
j  org.junit.platform.engine.support.hierarchical.NodeTestTask$$Lambda$230+0x0000000800bdcff8.invoke(Lorg/junit/platform/engine/support/hierarchical/EngineExecutionContext;)V+5
j  org.junit.platform.engine.support.hierarchical.Node.around(Lorg/junit/platform/engine/support/hierarchical/EngineExecutionContext;Lorg/junit/platform/engine/support/hierarchical/Node$Invocation;)V+2
j  org.junit.platform.engine.support.hierarchical.NodeTestTask.lambda$executeRecursively$8()V+14
j  org.junit.platform.engine.support.hierarchical.NodeTestTask$$Lambda$229+0x0000000800bdcbd0.execute()V+4
j  org.junit.platform.engine.support.hierarchical.ThrowableCollector.execute(Lorg/junit/platform/engine/support/hierarchical/ThrowableCollector$Executable;)V+1
j  org.junit.platform.engine.support.hierarchical.NodeTestTask.executeRecursively()V+31
j  org.junit.platform.engine.support.hierarchical.NodeTestTask.execute()V+55
j  org.junit.platform.engine.support.hierarchical.SameThreadHierarchicalTestExecutorService.submit(Lorg/junit/platform/engine/support/hierarchical/HierarchicalTestExecutorService$TestTask;)Ljava/util/concurrent/Future;+1
j  org.junit.platform.engine.support.hierarchical.HierarchicalTestExecutor.execute()Ljava/util/concurrent/Future;+74
j  org.junit.platform.engine.support.hierarchical.HierarchicalTestEngine.execute(Lorg/junit/platform/engine/ExecutionRequest;)V+31
j  org.junit.platform.launcher.core.EngineExecutionOrchestrator.execute(Lorg/junit/platform/engine/TestDescriptor;Lorg/junit/platform/engine/EngineExecutionListener;Lorg/junit/platform/engine/ConfigurationParameters;Lorg/junit/platform/engine/TestEngine;)V+24
j  org.junit.platform.launcher.core.EngineExecutionOrchestrator.execute(Lorg/junit/platform/launcher/core/LauncherDiscoveryResult;Lorg/junit/platform/engine/EngineExecutionListener;)V+86
j  org.junit.platform.launcher.core.EngineExecutionOrchestrator.lambda$execute$0(Lorg/junit/platform/launcher/core/InternalTestPlan;Lorg/junit/platform/launcher/core/LauncherDiscoveryResult;Lorg/junit/platform/launcher/TestExecutionListener;)V+18
j  org.junit.platform.launcher.core.EngineExecutionOrchestrator$$Lambda$184+0x0000000800bcd788.accept(Ljava/lang/Object;)V+16
j  org.junit.platform.launcher.core.EngineExecutionOrchestrator.withInterceptedStreams(Lorg/junit/platform/engine/ConfigurationParameters;Lorg/junit/platform/launcher/core/TestExecutionListenerRegistry;Ljava/util/function/Consumer;)V+43
j  org.junit.platform.launcher.core.EngineExecutionOrchestrator.execute(Lorg/junit/platform/launcher/core/InternalTestPlan;[Lorg/junit/platform/launcher/TestExecutionListener;)V+35
j  org.junit.platform.launcher.core.DefaultLauncher.execute(Lorg/junit/platform/launcher/core/InternalTestPlan;[Lorg/junit/platform/launcher/TestExecutionListener;)V+6
j  org.junit.platform.launcher.core.DefaultLauncher.execute(Lorg/junit/platform/launcher/LauncherDiscoveryRequest;[Lorg/junit/platform/launcher/TestExecutionListener;)V+33
j  com.intellij.junit5.JUnit5IdeaTestRunner.startRunnerWithArgs([Ljava/lang/String;Ljava/lang/String;IZ)I+202
...<more frames>...


siginfo: si_signo: 8 (SIGFPE), si_code: 5 (FPE_FLTINV), si_addr: 0x000000011b78e168

Register to memory mapping:

RAX=0x0000000000000064 is an unknown value
RBX=0x000000000000006c is an unknown value
RCX=0x0 is NULL
RDX=0x0 is NULL
RSP=0x000000030d536b00 is pointing into the stack for thread: 0x00007fab49013c00
RBP=0x000000030d536b50 is pointing into the stack for thread: 0x00007fab49013c00
RSI=0x00000007bff726c8 is an oop: java.lang.Integer 
{0x00000007bff726c8} - klass: 'java/lang/Integer'
RDI=0x00000008000b86a8 is a pointer to class: 
java.lang.invoke.MemberName {0x00000008000b86a8}
R8 =0x0000000784f90ff8 is an oop: [B 
{0x0000000784f90ff8} - klass: {type array byte}
 - length: 6
R9 =0x000000000000000c is an unknown value
R10=0x0000000111c338c0: _ZN19TemplateInterpreter13_active_tableE+0x2000 in /Library/Java/JavaVirtualMachines/jdk-15.0.1.jdk/Contents/Home/lib/server/libjvm.dylib at 0x0000000111000000
R11=0x0000000123258bc0 is at entry_point+32 in (nmethod*)0x0000000123258a10
R12=0x0 is NULL
R13=0x00000001317e0b87 is pointing into metadata
R14=0x000000030d536b60 is pointing into the stack for thread: 0x00007fab49013c00
R15=0x00007fab49013c00 is a thread


Registers:
RAX=0x0000000000000064, RBX=0x000000000000006c, RCX=0x0000000000000000, RDX=0x0000000000000000
RSP=0x000000030d536b00, RBP=0x000000030d536b50, RSI=0x00000007bff726c8, RDI=0x00000008000b86a8
R8 =0x0000000784f90ff8, R9 =0x000000000000000c, R10=0x0000000111c338c0, R11=0x0000000123258bc0
R12=0x0000000000000000, R13=0x00000001317e0b87, R14=0x000000030d536b60, R15=0x00007fab49013c00
RIP=0x000000011b78e168, EFLAGS=0x0000000000000a83, ERR=0x0000000000000000
  TRAPNO=0x0000000000000000

Top of Stack: (sp=0x000000030d536b00)
0x000000030d536b00:   00000007bff726c8 000000030d536b08
0x000000030d536b10:   00000001317e0b84 000000030d536b60
0x000000030d536b20:   0000000131804ab8 0000000000000000
0x000000030d536b30:   00000007802d5028 00000001317e0ba8
0x000000030d536b40:   0000000000000000 000000030d536b60
0x000000030d536b50:   000000030d536bb0 000000011b783c40
0x000000030d536b60:   00000007bff726c8 000000030d536b68
0x000000030d536b70:   00000001362e6a54 000000030d536bc8
0x000000030d536b80:   00000001362e6ac8 0000000000000000
0x000000030d536b90:   0000000784f2a180 00000001362e6a58
0x000000030d536ba0:   000000030d536b60 000000030d536bc0
0x000000030d536bb0:   000000030d536c18 000000011b783d23
0x000000030d536bc0:   00000007bff726c8 0000000784f2a3a8
0x000000030d536bd0:   000000030d536bd0 00000001362fe63f
0x000000030d536be0:   000000030d536c48 00000001362ff2f8
0x000000030d536bf0:   0000000000000000 0000000784f87860
0x000000030d536c00:   00000001362fe6f8 000000030d536bc0
0x000000030d536c10:   000000030d536c40 000000030d536c98
0x000000030d536c20:   000000011b783f2f 0000000000000000
0x000000030d536c30:   0000000000000000 0000000000000000
0x000000030d536c40:   00000007bff726c8 0000000784f879d0
0x000000030d536c50:   000000030d536c50 00000001363116e6
0x000000030d536c60:   000000030d536cd0 00000001363120a8
0x000000030d536c70:   0000000000000000 0000000784f904d8
0x000000030d536c80:   0000000136311768 000000030d536c40
0x000000030d536c90:   000000030d536cd0 000000030d536d20
0x000000030d536ca0:   000000011b783eea 00000007bff726c8
0x000000030d536cb0:   0000000000000002 0000000784f879d0
0x000000030d536cc0:   0000000000000003 0000000784f0d5c0
0x000000030d536cd0:   0000000784f90a58 000000030d536cd8
0x000000030d536ce0:   00000001363113b5 000000030d536d40
0x000000030d536cf0:   00000001363120a8 0000000000000000 

Instructions: (pc=0x000000011b78e168)
0x000000011b78e068:   84 90 a7 11 01 00 00 00 6a 00 00 00 00 00 00 00
0x000000011b78e078:   00 00 00 00 00 00 00 00 f3 0f 10 04 24 48 83 c4
0x000000011b78e088:   08 f3 0f 59 04 24 48 83 c4 08 41 0f b6 5d 01 49
0x000000011b78e098:   ff c5 49 ba c0 48 c3 11 01 00 00 00 41 ff 24 da
0x000000011b78e0a8:   00 00 00 00 00 00 00 00 00 00 00 00 00 00 00 00
0x000000011b78e0b8:   00 00 00 00 00 00 00 00 60 00 00 00 00 00 00 00
0x000000011b78e0c8:   89 90 a7 11 01 00 00 00 6b 00 00 00 00 00 00 00
0x000000011b78e0d8:   00 00 00 00 00 00 00 00 f2 0f 10 04 24 48 83 c4
0x000000011b78e0e8:   10 f2 0f 59 04 24 48 83 c4 10 41 0f b6 5d 01 49
0x000000011b78e0f8:   ff c5 49 ba c0 50 c3 11 01 00 00 00 41 ff 24 da
0x000000011b78e108:   00 00 00 00 00 00 00 00 00 00 00 00 00 00 00 00
0x000000011b78e118:   00 00 00 00 00 00 00 00 60 00 00 00 00 00 00 00
0x000000011b78e128:   8e 90 a7 11 01 00 00 00 6c 00 00 00 00 00 00 00
0x000000011b78e138:   00 00 00 00 00 00 00 00 8b 04 24 48 83 c4 08 8b
0x000000011b78e148:   c8 8b 04 24 48 83 c4 08 81 f8 00 00 00 80 0f 85
0x000000011b78e158:   0b 00 00 00 33 d2 83 f9 ff 0f 84 03 00 00 00 99
0x000000011b78e168:   f7 f9 41 0f b6 5d 01 49 ff c5 49 ba c0 38 c3 11
0x000000011b78e178:   01 00 00 00 41 ff 24 da 80 00 00 00 00 00 00 00
0x000000011b78e188:   93 90 a7 11 01 00 00 00 6d 00 00 00 00 00 00 00
0x000000011b78e198:   00 00 00 00 00 00 00 00 48 8b 04 24 48 83 c4 10
0x000000011b78e1a8:   48 8b c8 48 8b 04 24 48 83 c4 10 48 85 c9 0f 84
0x000000011b78e1b8:   73 9a ff ff 48 3b 05 8d 5b 36 f6 0f 85 0c 00 00
0x000000011b78e1c8:   00 33 d2 48 83 f9 ff 0f 84 05 00 00 00 48 99 48
0x000000011b78e1d8:   f7 f9 41 0f b6 5d 01 49 ff c5 49 ba c0 40 c3 11
0x000000011b78e1e8:   01 00 00 00 41 ff 24 da 00 00 00 00 00 00 00 00
0x000000011b78e1f8:   00 00 00 00 00 00 00 00 60 00 00 00 00 00 00 00
0x000000011b78e208:   98 90 a7 11 01 00 00 00 6e 00 00 00 00 00 00 00
0x000000011b78e218:   00 00 00 00 00 00 00 00 f3 0f 10 04 24 48 83 c4
0x000000011b78e228:   08 0f 28 c8 f3 0f 10 04 24 48 83 c4 08 f3 0f 5e
0x000000011b78e238:   c1 41 0f b6 5d 01 49 ff c5 49 ba c0 48 c3 11 01
0x000000011b78e248:   00 00 00 41 ff 24 da 90 00 00 00 00 00 00 00 00
0x000000011b78e258:   00 00 00 00 00 00 00 00 60 00 00 00 00 00 00 00 


Stack slot to memory mapping:
stack at sp + 0 slots: 0x00000007bff726c8 is an oop: java.lang.Integer 
{0x00000007bff726c8} - klass: 'java/lang/Integer'
stack at sp + 1 slots: 0x000000030d536b08 is pointing into the stack for thread: 0x00007fab49013c00
stack at sp + 2 slots: 0x00000001317e0b84 is pointing into metadata
stack at sp + 3 slots: 0x000000030d536b60 is pointing into the stack for thread: 0x00007fab49013c00
stack at sp + 4 slots: 0x0000000131804ab8 is pointing into metadata
stack at sp + 5 slots: 0x0 is NULL
stack at sp + 6 slots: 0x00000007802d5028 is an oop: java.lang.Class 
{0x00000007802d5028} - klass: 'java/lang/Class'
stack at sp + 7 slots: {method} {0x00000001317e0ba8} 'lambda$case17$21' '(Ljava/lang/Integer;)Ljava/lang/String;' in 'com/srinivart/ProjectReactorApplicationTests'

idiv  108 idiv  [0x000000011b78e140, 0x000000011b78e180]  64 bytes
[MachCode]
  0x000000011b78e140: 8b04 2448 | 83c4 088b | c88b 0424 | 4883 c408 | 81f8 0000 | 0080 0f85 | 0b00 0000 | 33d2 83f9 
  0x000000011b78e160: ff0f 8403 | 0000 0099 | f7f9 410f | b65d 0149 | ffc5 49ba | c038 c311 | 0100 0000 | 41ff 24da 
[/MachCode]

---------------  P R O C E S S  ---------------

Threads class SMR info:
_java_thread_list=0x00007faad7da06f0, length=12, elements={
0x00007fab49013c00, 0x00007fab48013000, 0x00007fab48013600, 0x00007fab48014a00,
0x00007fab48016000, 0x00007fab4801a200, 0x00007fab4980d400, 0x00007fab4980da00,
0x00007fab49015e00, 0x00007fab4882c800, 0x00007fab4880b000, 0x00007fab49024800
}

Java Threads: ( => current thread )
=>0x00007fab49013c00 JavaThread "main" [_thread_in_Java, id=8707, stack(0x000000030d43a000,0x000000030d53a000)]
  0x00007fab48013000 JavaThread "Reference Handler" daemon [_thread_blocked, id=14595, stack(0x000000030db4f000,0x000000030dc4f000)]
  0x00007fab48013600 JavaThread "Finalizer" daemon [_thread_blocked, id=22787, stack(0x000000030dc52000,0x000000030dd52000)]
  0x00007fab48014a00 JavaThread "Signal Dispatcher" daemon [_thread_blocked, id=40707, stack(0x000000030de63000,0x000000030df63000)]
  0x00007fab48016000 JavaThread "Service Thread" daemon [_thread_blocked, id=25091, stack(0x000000030df66000,0x000000030e066000)]
  0x00007fab4801a200 JavaThread "C2 CompilerThread0" daemon [_thread_blocked, id=39427, stack(0x000000030e069000,0x000000030e169000)]
  0x00007fab4980d400 JavaThread "C1 CompilerThread0" daemon [_thread_blocked, id=26115, stack(0x000000030e16c000,0x000000030e26c000)]
  0x00007fab4980da00 JavaThread "Sweeper thread" daemon [_thread_blocked, id=38403, stack(0x000000030e26f000,0x000000030e36f000)]
  0x00007fab49015e00 JavaThread "Common-Cleaner" daemon [_thread_blocked, id=37635, stack(0x000000030e372000,0x000000030e472000)]
  0x00007fab4882c800 JavaThread "Monitor Ctrl-Break" daemon [_thread_in_native, id=28163, stack(0x000000030e475000,0x000000030e575000)]
  0x00007fab4880b000 JavaThread "Notification Thread" daemon [_thread_blocked, id=36355, stack(0x000000030e578000,0x000000030e678000)]
  0x00007fab49024800 JavaThread "Attach Listener" daemon [_thread_blocked, id=33795, stack(0x000000030e984000,0x000000030ea84000)]

Other Threads:
  0x00007fab47d045b0 VMThread "VM Thread" [stack: 0x000000030da4c000,0x000000030db4c000] [id=15363]
  0x00007fab47c2be00 WatcherThread [stack: 0x000000030e67b000,0x000000030e77b000] [id=29187]
  0x00007fab47f111d0 GCTaskThread "GC Thread#0" [stack: 0x000000030d53d000,0x000000030d63d000] [id=17923]
  0x00007fab47cb4e20 GCTaskThread "GC Thread#1" [stack: 0x000000030e77e000,0x000000030e87e000] [id=35287]
  0x00007fab47cb5a20 GCTaskThread "GC Thread#2" [stack: 0x000000030e881000,0x000000030e981000] [id=34563]
  0x00007faad7e3c230 GCTaskThread "GC Thread#3" [stack: 0x000000030eb8a000,0x000000030ec8a000] [id=32943]
  0x00007fab47f123a0 ConcurrentGCThread "G1 Main Marker" [stack: 0x000000030d640000,0x000000030d740000] [id=13315]
  0x00007fab47f134a0 ConcurrentGCThread "G1 Conc#0" [stack: 0x000000030d743000,0x000000030d843000] [id=16899]
  0x00007faae000d130 ConcurrentGCThread "G1 Conc#1" [stack: 0x000000030ea87000,0x000000030eb87000] [id=31903]
  0x00007fab47f300e0 ConcurrentGCThread "G1 Refine#0" [stack: 0x000000030d846000,0x000000030d946000] [id=16131]
  0x00007fab47f31190 ConcurrentGCThread "G1 Young RemSet Sampling" [stack: 0x000000030d949000,0x000000030da49000] [id=13827]

Threads with active compile tasks:

VM state: not at safepoint (normal execution)

VM Mutex/Monitor currently owned by a thread: None

Heap address: 0x0000000780000000, size: 2048 MB, Compressed Oops mode: Zero based, Oop shift amount: 3
CDS archive(s) mapped at: [0x0000000800000000-0x0000000800b2c000-0x0000000800b2c000), size 11714560, SharedBaseAddress: 0x0000000800000000, ArchiveRelocationMode: 0.
Compressed class space mapped at: 0x0000000800b2c000-0x0000000840b2c000, size: 1073741824
Narrow klass base: 0x0000000800000000, Narrow klass shift: 3, Narrow klass range: 0x100000000

GC Precious Log:
 CPUs: 8 total, 8 available
 Memory: 8192M
 Large Page Support: Disabled
 NUMA Support: Disabled
 Compressed Oops: Enabled (Zero based)
 Heap Region Size: 1M
 Heap Min Capacity: 8M
 Heap Initial Capacity: 128M
 Heap Max Capacity: 2G
 Pre-touch: Disabled
 Parallel Workers: 8
 Concurrent Workers: 2
 Concurrent Refinement Workers: 8
 Periodic GC: Disabled

Heap:
 garbage-first heap   total 58368K, used 20973K [0x0000000780000000, 0x0000000800000000)
  region size 1024K, 7 young (7168K), 3 survivors (3072K)
 Metaspace       used 33509K, capacity 34024K, committed 34432K, reserved 1079296K
  class space    used 4550K, capacity 4687K, committed 4736K, reserved 1048576K

Heap Regions: E=young(eden), S=young(survivor), O=old, HS=humongous(starts), HC=humongous(continues), CS=collection set, F=free, OA=open archive, CA=closed archive, TAMS=top-at-mark-start (previous, next)
|   0|0x0000000780000000, 0x0000000780100000, 0x0000000780100000|100%| O|  |TAMS 0x0000000780100000, 0x0000000780000000| Untracked 
|   1|0x0000000780100000, 0x0000000780200000, 0x0000000780200000|100%| O|  |TAMS 0x0000000780200000, 0x0000000780100000| Untracked 
|   2|0x0000000780200000, 0x0000000780300000, 0x0000000780300000|100%| O|  |TAMS 0x0000000780300000, 0x0000000780200000| Untracked 
|   3|0x0000000780300000, 0x0000000780400000, 0x0000000780400000|100%| O|  |TAMS 0x0000000780400000, 0x0000000780300000| Untracked 
|   4|0x0000000780400000, 0x0000000780500000, 0x0000000780500000|100%| O|  |TAMS 0x0000000780500000, 0x0000000780400000| Untracked 
|   5|0x0000000780500000, 0x00000007805a8000, 0x0000000780600000| 65%| O|  |TAMS 0x00000007805a8000, 0x0000000780500000| Untracked 
|   6|0x0000000780600000, 0x0000000780700000, 0x0000000780700000|100%| O|  |TAMS 0x0000000780600000, 0x0000000780600000| Untracked 
|   7|0x0000000780700000, 0x0000000780800000, 0x0000000780800000|100%| O|  |TAMS 0x0000000780700000, 0x0000000780700000| Untracked 
|   8|0x0000000780800000, 0x0000000780900000, 0x0000000780900000|100%| O|  |TAMS 0x0000000780800000, 0x0000000780800000| Untracked 
|   9|0x0000000780900000, 0x0000000780a00000, 0x0000000780a00000|100%| O|  |TAMS 0x0000000780900000, 0x0000000780900000| Untracked 
|  10|0x0000000780a00000, 0x0000000780b00000, 0x0000000780b00000|100%| O|  |TAMS 0x0000000780a00000, 0x0000000780a00000| Untracked 
|  11|0x0000000780b00000, 0x0000000780c00000, 0x0000000780c00000|100%| O|  |TAMS 0x0000000780b00000, 0x0000000780b00000| Untracked 
|  12|0x0000000780c00000, 0x0000000780d00000, 0x0000000780d00000|100%| O|  |TAMS 0x0000000780c00000, 0x0000000780c00000| Untracked 
|  13|0x0000000780d00000, 0x0000000780e00000, 0x0000000780e00000|100%| O|  |TAMS 0x0000000780d00000, 0x0000000780d00000| Untracked 
|  14|0x0000000780e00000, 0x0000000780e7da00, 0x0000000780f00000| 49%| O|  |TAMS 0x0000000780e00000, 0x0000000780e00000| Untracked 
|  15|0x0000000780f00000, 0x0000000780f00000, 0x0000000781000000|  0%| F|  |TAMS 0x0000000780f00000, 0x0000000780f00000| Untracked 
|  16|0x0000000781000000, 0x0000000781000000, 0x0000000781100000|  0%| F|  |TAMS 0x0000000781000000, 0x0000000781000000| Untracked 
|  17|0x0000000781100000, 0x0000000781100000, 0x0000000781200000|  0%| F|  |TAMS 0x0000000781100000, 0x0000000781100000| Untracked 
|  18|0x0000000781200000, 0x0000000781200000, 0x0000000781300000|  0%| F|  |TAMS 0x0000000781200000, 0x0000000781200000| Untracked 
|  19|0x0000000781300000, 0x0000000781300000, 0x0000000781400000|  0%| F|  |TAMS 0x0000000781300000, 0x0000000781300000| Untracked 
|  20|0x0000000781400000, 0x0000000781400000, 0x0000000781500000|  0%| F|  |TAMS 0x0000000781400000, 0x0000000781400000| Untracked 
|  21|0x0000000781500000, 0x0000000781500000, 0x0000000781600000|  0%| F|  |TAMS 0x0000000781500000, 0x0000000781500000| Untracked 
|  22|0x0000000781600000, 0x0000000781600000, 0x0000000781700000|  0%| F|  |TAMS 0x0000000781600000, 0x0000000781600000| Untracked 
|  23|0x0000000781700000, 0x0000000781700000, 0x0000000781800000|  0%| F|  |TAMS 0x0000000781700000, 0x0000000781700000| Untracked 
|  24|0x0000000781800000, 0x0000000781800000, 0x0000000781900000|  0%| F|  |TAMS 0x0000000781800000, 0x0000000781800000| Untracked 
|  25|0x0000000781900000, 0x0000000781900000, 0x0000000781a00000|  0%| F|  |TAMS 0x0000000781900000, 0x0000000781900000| Untracked 
|  26|0x0000000781a00000, 0x0000000781a00000, 0x0000000781b00000|  0%| F|  |TAMS 0x0000000781a00000, 0x0000000781a00000| Untracked 
|  27|0x0000000781b00000, 0x0000000781b00000, 0x0000000781c00000|  0%| F|  |TAMS 0x0000000781b00000, 0x0000000781b00000| Untracked 
|  28|0x0000000781c00000, 0x0000000781c00000, 0x0000000781d00000|  0%| F|  |TAMS 0x0000000781c00000, 0x0000000781c00000| Untracked 
|  29|0x0000000781d00000, 0x0000000781d8bd88, 0x0000000781e00000| 54%| S|CS|TAMS 0x0000000781d00000, 0x0000000781d00000| Complete 
|  30|0x0000000781e00000, 0x0000000781f00000, 0x0000000781f00000|100%| S|CS|TAMS 0x0000000781e00000, 0x0000000781e00000| Complete 
|  31|0x0000000781f00000, 0x0000000782000000, 0x0000000782000000|100%| S|CS|TAMS 0x0000000781f00000, 0x0000000781f00000| Complete 
|  32|0x0000000782000000, 0x0000000782000000, 0x0000000782100000|  0%| F|  |TAMS 0x0000000782000000, 0x0000000782000000| Untracked 
|  33|0x0000000782100000, 0x0000000782100000, 0x0000000782200000|  0%| F|  |TAMS 0x0000000782100000, 0x0000000782100000| Untracked 
|  34|0x0000000782200000, 0x0000000782200000, 0x0000000782300000|  0%| F|  |TAMS 0x0000000782200000, 0x0000000782200000| Untracked 
|  35|0x0000000782300000, 0x0000000782300000, 0x0000000782400000|  0%| F|  |TAMS 0x0000000782300000, 0x0000000782300000| Untracked 
|  36|0x0000000782400000, 0x0000000782400000, 0x0000000782500000|  0%| F|  |TAMS 0x0000000782400000, 0x0000000782400000| Untracked 
|  37|0x0000000782500000, 0x0000000782500000, 0x0000000782600000|  0%| F|  |TAMS 0x0000000782500000, 0x0000000782500000| Untracked 
|  38|0x0000000782600000, 0x0000000782600000, 0x0000000782700000|  0%| F|  |TAMS 0x0000000782600000, 0x0000000782600000| Untracked 
|  39|0x0000000782700000, 0x0000000782700000, 0x0000000782800000|  0%| F|  |TAMS 0x0000000782700000, 0x0000000782700000| Untracked 
|  40|0x0000000782800000, 0x0000000782800000, 0x0000000782900000|  0%| F|  |TAMS 0x0000000782800000, 0x0000000782800000| Untracked 
|  41|0x0000000782900000, 0x0000000782900000, 0x0000000782a00000|  0%| F|  |TAMS 0x0000000782900000, 0x0000000782900000| Untracked 
|  42|0x0000000782a00000, 0x0000000782a00000, 0x0000000782b00000|  0%| F|  |TAMS 0x0000000782a00000, 0x0000000782a00000| Untracked 
|  43|0x0000000782b00000, 0x0000000782b00000, 0x0000000782c00000|  0%| F|  |TAMS 0x0000000782b00000, 0x0000000782b00000| Untracked 
|  44|0x0000000782c00000, 0x0000000782c00000, 0x0000000782d00000|  0%| F|  |TAMS 0x0000000782c00000, 0x0000000782c00000| Untracked 
|  45|0x0000000782d00000, 0x0000000782d00000, 0x0000000782e00000|  0%| F|  |TAMS 0x0000000782d00000, 0x0000000782d00000| Untracked 
|  46|0x0000000782e00000, 0x0000000782e00000, 0x0000000782f00000|  0%| F|  |TAMS 0x0000000782e00000, 0x0000000782e00000| Untracked 
|  47|0x0000000782f00000, 0x0000000782f00000, 0x0000000783000000|  0%| F|  |TAMS 0x0000000782f00000, 0x0000000782f00000| Untracked 
|  48|0x0000000783000000, 0x0000000783000000, 0x0000000783100000|  0%| F|  |TAMS 0x0000000783000000, 0x0000000783000000| Untracked 
|  77|0x0000000784d00000, 0x0000000784d00000, 0x0000000784e00000|  0%| F|  |TAMS 0x0000000784d00000, 0x0000000784d00000| Untracked 
|  78|0x0000000784e00000, 0x0000000784e00000, 0x0000000784f00000|  0%| F|  |TAMS 0x0000000784e00000, 0x0000000784e00000| Untracked 
|  79|0x0000000784f00000, 0x0000000784fe4e28, 0x0000000785000000| 89%| E|  |TAMS 0x0000000784f00000, 0x0000000784f00000| Complete 
|  80|0x0000000785000000, 0x0000000785100000, 0x0000000785100000|100%| E|CS|TAMS 0x0000000785000000, 0x0000000785000000| Complete 
|  81|0x0000000785100000, 0x0000000785200000, 0x0000000785200000|100%| E|CS|TAMS 0x0000000785100000, 0x0000000785100000| Complete 
| 127|0x0000000787f00000, 0x0000000788000000, 0x0000000788000000|100%| E|CS|TAMS 0x0000000787f00000, 0x0000000787f00000| Complete 
|1022|0x00000007bfe00000, 0x00000007bfe51000, 0x00000007bff00000| 31%|OA|  |TAMS 0x00000007bfe51000, 0x00000007bfe00000| Untracked 
|1023|0x00000007bff00000, 0x00000007bff79000, 0x00000007c0000000| 47%|CA|  |TAMS 0x00000007bff79000, 0x00000007bff00000| Untracked 

Card table byte_map: [0x000000012ab7a000,0x000000012af7a000] _byte_map_base: 0x0000000126f7a000

Marking Bits (Prev, Next): (CMBitMap*) 0x00007fab4982ee50, (CMBitMap*) 0x00007fab4982ee10
 Prev Bits: [0x000000012d37a000, 0x000000012f37a000)
 Next Bits: [0x000000012b37a000, 0x000000012d37a000)

Polling page: 0x00000001048c3000

Metaspace:

Usage:
  Non-class:     28.65 MB capacity,    28.28 MB ( 99%) used,   328.48 KB (  1%) free+waste,    49.31 KB ( <1%) overhead. 
      Class:      4.58 MB capacity,     4.44 MB ( 97%) used,   116.01 KB (  2%) free+waste,    20.25 KB ( <1%) overhead. 
       Both:     33.23 MB capacity,    32.72 MB ( 98%) used,   444.49 KB (  1%) free+waste,    69.56 KB ( <1%) overhead. 

Virtual space:
  Non-class space:       30.00 MB reserved,      29.00 MB ( 97%) committed 
      Class space:        1.00 GB reserved,       4.62 MB ( <1%) committed 
             Both:        1.03 GB reserved,      33.62 MB (  3%) committed 

Chunk freelists:
   Non-Class:  327.00 KB
       Class:  1.00 KB
        Both:  328.00 KB

MaxMetaspaceSize: 17179869184.00 GB
CompressedClassSpaceSize: 1.00 GB

CodeHeap 'non-profiled nmethods': size=120028Kb used=2049Kb max_used=2049Kb free=117978Kb
 bounds [0x0000000123243000, 0x00000001234b3000, 0x000000012a77a000]
CodeHeap 'profiled nmethods': size=120028Kb used=8691Kb max_used=8691Kb free=111336Kb
 bounds [0x000000011bd0c000, 0x000000011c58c000, 0x0000000123243000]
CodeHeap 'non-nmethods': size=5704Kb used=1225Kb max_used=1274Kb free=4478Kb
 bounds [0x000000011b77a000, 0x000000011b9ea000, 0x000000011bd0c000]
 total_blobs=4545 nmethods=4049 adapters=409
 compilation: enabled
              stopped_count=0, restarted_count=0
 full_count=0

Compilation events (20 events):
Event: 5.345 Thread 0x00007fab4980d400 nmethod 4038 0x000000011c581810 code [0x000000011c5819e0, 0x000000011c581cc0]
Event: 5.349 Thread 0x00007fab4980d400 4039       3       java.util.regex.Pattern::skip (23 bytes)
Event: 5.350 Thread 0x00007fab4980d400 nmethod 4039 0x000000011c581e10 code [0x000000011c581fa0, 0x000000011c5820d0]
Event: 5.350 Thread 0x00007fab4980d400 4040   !   3       java.util.regex.Pattern::closure (276 bytes)
Event: 5.351 Thread 0x00007fab4980d400 nmethod 4040 0x000000011c582190 code [0x000000011c582580, 0x000000011c583f80]
Event: 5.351 Thread 0x00007fab4980d400 4041       3       java.lang.String::hashCode (60 bytes)
Event: 5.351 Thread 0x00007fab4980d400 nmethod 4041 0x000000011c584910 code [0x000000011c584ae0, 0x000000011c584e30]
Event: 5.351 Thread 0x00007fab4980d400 4042       3       java.util.ArrayList$ArrayListSpliterator::getFence (35 bytes)
Event: 5.351 Thread 0x00007fab4980d400 nmethod 4042 0x000000011c584f10 code [0x000000011c5850a0, 0x000000011c5851f0]
Event: 5.359 Thread 0x00007fab4980d400 4043       3       java.lang.invoke.InvokerBytecodeGenerator::emitPushArguments (45 bytes)
Event: 5.359 Thread 0x00007fab4980d400 nmethod 4043 0x000000011c585290 code [0x000000011c585460, 0x000000011c5858d0]
Event: 5.360 Thread 0x00007fab4980d400 4044       3       java.lang.invoke.InvokerBytecodeGenerator::className (23 bytes)
Event: 5.360 Thread 0x00007fab4980d400 nmethod 4044 0x000000011c585b90 code [0x000000011c585da0, 0x000000011c5862e0]
Event: 5.361 Thread 0x00007fab4980d400 4045       3       java.lang.invoke.InvokerBytecodeGenerator::emitReferenceCast (188 bytes)
Event: 5.361 Thread 0x00007fab4980d400 nmethod 4045 0x000000011c586510 code [0x000000011c586800, 0x000000011c5877a0]
Event: 5.364 Thread 0x00007fab4980d400 4046       3       java.lang.invoke.InvokerBytecodeGenerator::refKindOpcode (112 bytes)
Event: 5.364 Thread 0x00007fab4980d400 nmethod 4046 0x000000011c587c90 code [0x000000011c587ec0, 0x000000011c588690]
Event: 5.364 Thread 0x00007fab4980d400 4047       3       java.lang.invoke.InvokerBytecodeGenerator::emitStoreInsn (21 bytes)
Event: 5.364 Thread 0x00007fab4980d400 nmethod 4047 0x000000011c588910 code [0x000000011c588ac0, 0x000000011c588d10]
Event: 5.368 Thread 0x00007fab4801a200 4050       4       java.util.Arrays::copyOf (40 bytes)

GC Heap History (14 events):
Event: 1.007 GC heap before
{Heap before GC invocations=0 (full 0):
 garbage-first heap   total 133120K, used 23336K [0x0000000780000000, 0x0000000800000000)
  region size 1024K, 23 young (23552K), 0 survivors (0K)
 Metaspace       used 5874K, capacity 7370K, committed 7552K, reserved 1056768K
  class space    used 700K, capacity 849K, committed 896K, reserved 1048576K
}
Event: 1.017 GC heap after
{Heap after GC invocations=1 (full 0):
 garbage-first heap   total 133120K, used 6636K [0x0000000780000000, 0x0000000800000000)
  region size 1024K, 3 young (3072K), 3 survivors (3072K)
 Metaspace       used 5874K, capacity 7370K, committed 7552K, reserved 1056768K
  class space    used 700K, capacity 849K, committed 896K, reserved 1048576K
}
Event: 1.946 GC heap before
{Heap before GC invocations=1 (full 0):
 garbage-first heap   total 133120K, used 38380K [0x0000000780000000, 0x0000000800000000)
  region size 1024K, 34 young (34816K), 3 survivors (3072K)
 Metaspace       used 12556K, capacity 12762K, committed 13056K, reserved 1060864K
  class space    used 1598K, capacity 1662K, committed 1792K, reserved 1048576K
}
Event: 1.954 GC heap after
{Heap after GC invocations=2 (full 0):
 garbage-first heap   total 133120K, used 8933K [0x0000000780000000, 0x0000000800000000)
  region size 1024K, 3 young (3072K), 3 survivors (3072K)
 Metaspace       used 12556K, capacity 12762K, committed 13056K, reserved 1060864K
  class space    used 1598K, capacity 1662K, committed 1792K, reserved 1048576K
}
Event: 2.854 GC heap before
{Heap before GC invocations=2 (full 0):
 garbage-first heap   total 133120K, used 50917K [0x0000000780000000, 0x0000000800000000)
  region size 1024K, 46 young (47104K), 3 survivors (3072K)
 Metaspace       used 20777K, capacity 21053K, committed 21296K, reserved 1069056K
  class space    used 2586K, capacity 2669K, committed 2688K, reserved 1048576K
}
Event: 2.861 GC heap after
{Heap after GC invocations=3 (full 0):
 garbage-first heap   total 133120K, used 10971K [0x0000000780000000, 0x0000000800000000)
  region size 1024K, 5 young (5120K), 5 survivors (5120K)
 Metaspace       used 20777K, capacity 21053K, committed 21296K, reserved 1069056K
  class space    used 2586K, capacity 2669K, committed 2688K, reserved 1048576K
}
Event: 3.702 GC heap before
{Heap before GC invocations=4 (full 0):
 garbage-first heap   total 48128K, used 34523K [0x0000000780000000, 0x0000000800000000)
  region size 1024K, 28 young (28672K), 5 survivors (5120K)
 Metaspace       used 24261K, capacity 24644K, committed 24960K, reserved 1071104K
  class space    used 3069K, capacity 3175K, committed 3200K, reserved 1048576K
}
Event: 3.714 GC heap after
{Heap after GC invocations=5 (full 0):
 garbage-first heap   total 48128K, used 13579K [0x0000000780000000, 0x0000000800000000)
  region size 1024K, 3 young (3072K), 3 survivors (3072K)
 Metaspace       used 24261K, capacity 24644K, committed 24960K, reserved 1071104K
  class space    used 3069K, capacity 3175K, committed 3200K, reserved 1048576K
}
Event: 4.340 GC heap before
{Heap before GC invocations=5 (full 0):
 garbage-first heap   total 48128K, used 33035K [0x0000000780000000, 0x0000000800000000)
  region size 1024K, 22 young (22528K), 3 survivors (3072K)
 Metaspace       used 26314K, capacity 26667K, committed 27136K, reserved 1073152K
  class space    used 3406K, capacity 3505K, committed 3584K, reserved 1048576K
}
Event: 4.348 GC heap after
{Heap after GC invocations=6 (full 0):
 garbage-first heap   total 48128K, used 15087K [0x0000000780000000, 0x0000000800000000)
  region size 1024K, 2 young (2048K), 2 survivors (2048K)
 Metaspace       used 26314K, capacity 26667K, committed 27136K, reserved 1073152K
  class space    used 3406K, capacity 3505K, committed 3584K, reserved 1048576K
}
Event: 4.778 GC heap before
{Heap before GC invocations=6 (full 0):
 garbage-first heap   total 48128K, used 33519K [0x0000000780000000, 0x0000000800000000)
  region size 1024K, 20 young (20480K), 2 survivors (2048K)
 Metaspace       used 27791K, capacity 28168K, committed 28672K, reserved 1075200K
  class space    used 3590K, capacity 3703K, committed 3840K, reserved 1048576K
}
Event: 4.786 GC heap after
{Heap after GC invocations=7 (full 0):
 garbage-first heap   total 58368K, used 17342K [0x0000000780000000, 0x0000000800000000)
  region size 1024K, 2 young (2048K), 2 survivors (2048K)
 Metaspace       used 27791K, capacity 28168K, committed 28672K, reserved 1075200K
  class space    used 3590K, capacity 3703K, committed 3840K, reserved 1048576K
}
Event: 5.275 GC heap before
{Heap before GC invocations=7 (full 0):
 garbage-first heap   total 58368K, used 39870K [0x0000000780000000, 0x0000000800000000)
  region size 1024K, 25 young (25600K), 2 survivors (2048K)
 Metaspace       used 32817K, capacity 33293K, committed 33792K, reserved 1079296K
  class space    used 4429K, capacity 4551K, committed 4608K, reserved 1048576K
}
Event: 5.280 GC heap after
{Heap after GC invocations=8 (full 0):
 garbage-first heap   total 58368K, used 17901K [0x0000000780000000, 0x0000000800000000)
  region size 1024K, 3 young (3072K), 3 survivors (3072K)
 Metaspace       used 32817K, capacity 33293K, committed 33792K, reserved 1079296K
  class space    used 4429K, capacity 4551K, committed 4608K, reserved 1048576K
}

Deoptimization events (20 events):
Event: 4.924 Thread 0x00007fab49013c00 Uncommon trap: trap_request=0xffffff45 fr.pc=0x00000001232ef95c relative=0x000000000000005c
Event: 4.924 Thread 0x00007fab49013c00 Uncommon trap: reason=unstable_if action=reinterpret pc=0x00000001232ef95c method=org.springframework.util.ConcurrentReferenceHashMap$Segment.clear()V @ 7 c2
Event: 4.924 Thread 0x00007fab49013c00 DEOPT PACKING pc=0x00000001232ef95c sp=0x000000030d536d10
Event: 4.924 Thread 0x00007fab49013c00 DEOPT UNPACKING pc=0x000000011b7c7e1f sp=0x000000030d536cc0 mode 2
Event: 4.951 Thread 0x00007fab49013c00 Uncommon trap: trap_request=0xffffff45 fr.pc=0x00000001232f7fcc relative=0x000000000000048c
Event: 4.951 Thread 0x00007fab49013c00 Uncommon trap: reason=unstable_if action=reinterpret pc=0x00000001232f7fcc method=java.util.LinkedHashMap.get(Ljava/lang/Object;)Ljava/lang/Object; @ 16 c2
Event: 4.951 Thread 0x00007fab49013c00 DEOPT PACKING pc=0x00000001232f7fcc sp=0x000000030d537330
Event: 4.951 Thread 0x00007fab49013c00 DEOPT UNPACKING pc=0x000000011b7c7e1f sp=0x000000030d537308 mode 2
Event: 5.154 Thread 0x00007fab49013c00 Uncommon trap: trap_request=0xffffff45 fr.pc=0x0000000123326808 relative=0x0000000000000068
Event: 5.154 Thread 0x00007fab49013c00 Uncommon trap: reason=unstable_if action=reinterpret pc=0x0000000123326808 method=jdk.internal.module.SystemModuleFinders$SystemModuleReader.find(Ljava/lang/String;)Ljava/util/Optional; @ 7 c2
Event: 5.154 Thread 0x00007fab49013c00 DEOPT PACKING pc=0x0000000123326808 sp=0x000000030d5350d0
Event: 5.154 Thread 0x00007fab49013c00 DEOPT UNPACKING pc=0x000000011b7c7e1f sp=0x000000030d535080 mode 2
Event: 5.253 Thread 0x00007fab49013c00 Uncommon trap: trap_request=0xffffff45 fr.pc=0x000000012343a2f8 relative=0x00000000000006b8
Event: 5.253 Thread 0x00007fab49013c00 Uncommon trap: reason=unstable_if action=reinterpret pc=0x000000012343a2f8 method=java.util.HashMap$HashIterator.<init>(Ljava/util/HashMap;)V @ 45 c2
Event: 5.253 Thread 0x00007fab49013c00 DEOPT PACKING pc=0x000000012343a2f8 sp=0x000000030d5359e0
Event: 5.253 Thread 0x00007fab49013c00 DEOPT UNPACKING pc=0x000000011b7c7e1f sp=0x000000030d535870 mode 2
Event: 5.350 Thread 0x00007fab49013c00 Uncommon trap: trap_request=0xffffff45 fr.pc=0x000000012324d0a0 relative=0x00000000000001a0
Event: 5.350 Thread 0x00007fab49013c00 Uncommon trap: reason=unstable_if action=reinterpret pc=0x000000012324d0a0 method=java.lang.String.isLatin1()Z @ 10 c2
Event: 5.350 Thread 0x00007fab49013c00 DEOPT PACKING pc=0x000000012324d0a0 sp=0x000000030d536e90
Event: 5.350 Thread 0x00007fab49013c00 DEOPT UNPACKING pc=0x000000011b7c7e1f sp=0x000000030d536de0 mode 2

Classes unloaded (0 events):
No events

Classes redefined (0 events):
No events

Internal exceptions (20 events):
Event: 4.889 Thread 0x00007fab49013c00 Exception <a 'java/lang/ClassNotFoundException'{0x0000000784e3a250}: org/springframework/boot/web/servlet/filter/OrderedFilterCustomizer> (0x0000000784e3a250) 
thrown [./open/src/hotspot/share/classfile/systemDictionary.cpp, line 295]
Event: 4.889 Thread 0x00007fab49013c00 Exception <a 'java/lang/ClassNotFoundException'{0x0000000784e3f380}: javax/servlet/FilterCustomizer> (0x0000000784e3f380) 
thrown [./open/src/hotspot/share/classfile/systemDictionary.cpp, line 295]
Event: 4.889 Thread 0x00007fab49013c00 Exception <a 'java/lang/ClassNotFoundException'{0x0000000784e45bf8}: org/springframework/core/OrderedCustomizer> (0x0000000784e45bf8) 
thrown [./open/src/hotspot/share/classfile/systemDictionary.cpp, line 295]
Event: 4.890 Thread 0x00007fab49013c00 Exception <a 'java/lang/ClassNotFoundException'{0x0000000784e4b830}: javax/servlet/FilterCustomizer> (0x0000000784e4b830) 
thrown [./open/src/hotspot/share/classfile/systemDictionary.cpp, line 295]
Event: 4.890 Thread 0x00007fab49013c00 Exception <a 'java/lang/ClassNotFoundException'{0x0000000784e524a8}: org/springframework/beans/factory/BeanNameAwareCustomizer> (0x0000000784e524a8) 
thrown [./open/src/hotspot/share/classfile/systemDictionary.cpp, line 295]
Event: 4.890 Thread 0x00007fab49013c00 Exception <a 'java/lang/ClassNotFoundException'{0x0000000784e58800}: org/springframework/beans/factory/AwareCustomizer> (0x0000000784e58800) 
thrown [./open/src/hotspot/share/classfile/systemDictionary.cpp, line 295]
Event: 4.890 Thread 0x00007fab49013c00 Exception <a 'java/lang/ClassNotFoundException'{0x0000000784e5dca0}: org/springframework/context/EnvironmentAwareCustomizer> (0x0000000784e5dca0) 
thrown [./open/src/hotspot/share/classfile/systemDictionary.cpp, line 295]
Event: 4.890 Thread 0x00007fab49013c00 Exception <a 'java/lang/ClassNotFoundException'{0x0000000784e63fe8}: org/springframework/beans/factory/AwareCustomizer> (0x0000000784e63fe8) 
thrown [./open/src/hotspot/share/classfile/systemDictionary.cpp, line 295]
Event: 4.890 Thread 0x00007fab49013c00 Exception <a 'java/lang/ClassNotFoundException'{0x0000000784e69528}: org/springframework/core/env/EnvironmentCapableCustomizer> (0x0000000784e69528) 
thrown [./open/src/hotspot/share/classfile/systemDictionary.cpp, line 295]
Event: 4.890 Thread 0x00007fab49013c00 Exception <a 'java/lang/ClassNotFoundException'{0x0000000784e6f988}: org/springframework/web/context/ServletContextAwareCustomizer> (0x0000000784e6f988) 
thrown [./open/src/hotspot/share/classfile/systemDictionary.cpp, line 295]
Event: 4.891 Thread 0x00007fab49013c00 Exception <a 'java/lang/ClassNotFoundException'{0x0000000784e75f80}: org/springframework/beans/factory/AwareCustomizer> (0x0000000784e75f80) 
thrown [./open/src/hotspot/share/classfile/systemDictionary.cpp, line 295]
Event: 4.891 Thread 0x00007fab49013c00 Exception <a 'java/lang/ClassNotFoundException'{0x0000000784e7b600}: org/springframework/beans/factory/InitializingBeanCustomizer> (0x0000000784e7b600) 
thrown [./open/src/hotspot/share/classfile/systemDictionary.cpp, line 295]
Event: 4.891 Thread 0x00007fab49013c00 Exception <a 'java/lang/ClassNotFoundException'{0x0000000784e81538}: org/springframework/beans/factory/DisposableBeanCustomizer> (0x0000000784e81538) 
thrown [./open/src/hotspot/share/classfile/systemDictionary.cpp, line 295]
Event: 4.893 Thread 0x00007fab49013c00 Exception <a 'java/lang/ClassNotFoundException'{0x0000000784e99b00}: java/lang/ObjectCustomizer> (0x0000000784e99b00) 
thrown [./open/src/hotspot/share/classfile/systemDictionary.cpp, line 295]
Event: 4.893 Thread 0x00007fab49013c00 Exception <a 'java/lang/ClassNotFoundException'{0x0000000784ea2b08}: org/springframework/web/multipart/support/StandardServletMultipartResolverCustomizer> (0x0000000784ea2b08) 
thrown [./open/src/hotspot/share/classfile/systemDictionary.cpp, line 295]
Event: 4.894 Thread 0x00007fab49013c00 Exception <a 'java/lang/ClassNotFoundException'{0x0000000784eac778}: org/springframework/web/multipart/MultipartResolverCustomizer> (0x0000000784eac778) 
thrown [./open/src/hotspot/share/classfile/systemDictionary.cpp, line 295]
Event: 4.912 Thread 0x00007fab49013c00 Exception <a 'java/lang/NoSuchMethodError'{0x0000000784ef2da0}: 'java.lang.Object java.lang.invoke.DirectMethodHandle$Holder.newInvokeSpecial(java.lang.Object, java.lang.Object, int, java.lang.Object, java.lang.Object)'> (0x0000000784ef2da0) 
thrown [./open/src/hotspot/share/interpreter/linkResolver.cpp, line 782]
Event: 4.951 Thread 0x00007fab49013c00 Exception <a 'java/lang/ClassNotFoundException'{0x000000078300d340}: java/lang/ObjectCustomizer> (0x000000078300d340) 
thrown [./open/src/hotspot/share/classfile/systemDictionary.cpp, line 295]
Event: 4.952 Thread 0x00007fab49013c00 Exception <a 'java/lang/ClassNotFoundException'{0x0000000783015340}: com/srinivart/ProjectReactorApplicationTestsCustomizer> (0x0000000783015340) 
thrown [./open/src/hotspot/share/classfile/systemDictionary.cpp, line 295]
Event: 5.271 Thread 0x00007fab49013c00 Exception <a 'java/lang/ClassNotFoundException'{0x00000007820a6ac8}: java/lang/ClassLoader$ByteBuddyAccessor$0FZEZcS0> (0x00000007820a6ac8) 
thrown [./open/src/hotspot/share/classfile/systemDictionary.cpp, line 295]

Events (20 events):
Event: 5.335 loading class java/io/FileWriter
Event: 5.335 loading class java/io/FileWriter done
Event: 5.354 loading class java/util/concurrent/atomic/AtomicReferenceFieldUpdater
Event: 5.354 loading class java/util/concurrent/atomic/AtomicReferenceFieldUpdater done
Event: 5.354 loading class java/util/concurrent/atomic/AtomicReferenceFieldUpdater$AtomicReferenceFieldUpdaterImpl
Event: 5.354 loading class java/util/concurrent/atomic/AtomicReferenceFieldUpdater$AtomicReferenceFieldUpdaterImpl done
Event: 5.354 loading class java/util/concurrent/atomic/AtomicReferenceFieldUpdater$AtomicReferenceFieldUpdaterImpl$1
Event: 5.354 loading class java/util/concurrent/atomic/AtomicReferenceFieldUpdater$AtomicReferenceFieldUpdaterImpl$1 done
Event: 5.356 loading class java/util/concurrent/atomic/AtomicLongFieldUpdater
Event: 5.356 loading class java/util/concurrent/atomic/AtomicLongFieldUpdater done
Event: 5.356 loading class java/util/concurrent/atomic/AtomicIntegerFieldUpdater
Event: 5.357 loading class java/util/concurrent/atomic/AtomicIntegerFieldUpdater done
Event: 5.357 loading class java/util/concurrent/atomic/AtomicLongFieldUpdater$CASUpdater
Event: 5.357 loading class java/util/concurrent/atomic/AtomicLongFieldUpdater$CASUpdater done
Event: 5.357 loading class java/util/concurrent/atomic/AtomicLongFieldUpdater$CASUpdater$1
Event: 5.357 loading class java/util/concurrent/atomic/AtomicLongFieldUpdater$CASUpdater$1 done
Event: 5.357 loading class java/util/concurrent/atomic/AtomicIntegerFieldUpdater$AtomicIntegerFieldUpdaterImpl
Event: 5.357 loading class java/util/concurrent/atomic/AtomicIntegerFieldUpdater$AtomicIntegerFieldUpdaterImpl done
Event: 5.357 loading class java/util/concurrent/atomic/AtomicIntegerFieldUpdater$AtomicIntegerFieldUpdaterImpl$1
Event: 5.357 loading class java/util/concurrent/atomic/AtomicIntegerFieldUpdater$AtomicIntegerFieldUpdaterImpl$1 done


Dynamic libraries:
0x00007ffdffc6f000 	/Library/Apple/usr/libexec/oah/runtime
0x00007fff2a674000 	/usr/lib/libz.1.dylib
0x000000010cb67000 	/Library/Java/JavaVirtualMachines/jdk-15.0.1.jdk/Contents/Home/lib/libjli.dylib
0x00007fff35312000 	/System/Library/Frameworks/Cocoa.framework/Versions/A/Cocoa
0x00007fff221d1000 	/System/Library/Frameworks/Security.framework/Versions/A/Security
0x00007fff33511000 	/System/Library/Frameworks/ApplicationServices.framework/Versions/A/ApplicationServices
0x00007fff2a740000 	/usr/lib/libSystem.B.dylib
0x00007fff2a73a000 	/usr/lib/system/libcache.dylib
0x00007fff2a6f6000 	/usr/lib/system/libcommonCrypto.dylib
0x00007fff2a720000 	/usr/lib/system/libcompiler_rt.dylib
0x00007fff2a715000 	/usr/lib/system/libcopyfile.dylib
0x00007fff20172000 	/usr/lib/system/libcorecrypto.dylib
0x00007fff2023e000 	/usr/lib/system/libdispatch.dylib
0x00007fff203f3000 	/usr/lib/system/libdyld.dylib
0x00007fff2a731000 	/usr/lib/system/libkeymgr.dylib
0x00007fff2dccf000 	/usr/lib/system/liblaunch.dylib
0x00007fff2a6d4000 	/usr/lib/system/libmacho.dylib
0x00007fff29eea000 	/usr/lib/system/libquarantine.dylib
0x00007fff2a72e000 	/usr/lib/system/libremovefile.dylib
0x00007fff24b66000 	/usr/lib/system/libsystem_asl.dylib
0x00007fff20122000 	/usr/lib/system/libsystem_blocks.dylib
0x00007fff202c0000 	/usr/lib/system/libsystem_c.dylib
0x00007fff2a728000 	/usr/lib/system/libsystem_collections.dylib
0x00007fff292d7000 	/usr/lib/system/libsystem_configuration.dylib
0x00007fff285c7000 	/usr/lib/system/libsystem_containermanager.dylib
0x00007fff2a46c000 	/usr/lib/system/libsystem_coreservices.dylib
0x00007fff22785000 	/usr/lib/system/libsystem_darwin.dylib
0x00007fff2a732000 	/usr/lib/system/libsystem_dnssd.dylib
0x00007fff202bd000 	/usr/lib/system/libsystem_featureflags.dylib
0x00007fff20438000 	/usr/lib/system/libsystem_info.dylib
0x00007fff2a687000 	/usr/lib/system/libsystem_m.dylib
0x00007fff20211000 	/usr/lib/system/libsystem_malloc.dylib
0x00007fff24afa000 	/usr/lib/system/libsystem_networkextension.dylib
0x00007fff22b9f000 	/usr/lib/system/libsystem_notify.dylib
0x00007fff3017c000 	/usr/lib/system/libsystem_product_info_filter.dylib
0x00007fff292db000 	/usr/lib/system/libsystem_sandbox.dylib
0x00007fff2a72b000 	/usr/lib/system/libsystem_secinit.dylib
0x00007fff203b8000 	/usr/lib/system/libsystem_kernel.dylib
0x00007fff2042e000 	/usr/lib/system/libsystem_platform.dylib
0x00007fff203e7000 	/usr/lib/system/libsystem_pthread.dylib
0x00007fff26293000 	/usr/lib/system/libsystem_symptoms.dylib
0x00007fff2015a000 	/usr/lib/system/libsystem_trace.dylib
0x00007fff2a702000 	/usr/lib/system/libunwind.dylib
0x00007fff20124000 	/usr/lib/system/libxpc.dylib
0x00007fff2039f000 	/usr/lib/libc++abi.dylib
0x00007fff20283000 	/usr/lib/libobjc.A.dylib
0x00007fff2a70d000 	/usr/lib/liboah.dylib
0x00007fff20349000 	/usr/lib/libc++.1.dylib
0x00007fff20464000 	/System/Library/Frameworks/CoreFoundation.framework/Versions/A/CoreFoundation
0x00007fff21146000 	/System/Library/Frameworks/Foundation.framework/Versions/C/Foundation
0x00007fff22bf7000 	/System/Library/Frameworks/AppKit.framework/Versions/C/AppKit
0x00007fff25ab3000 	/System/Library/Frameworks/CoreData.framework/Versions/A/CoreData
0x00007fff2395a000 	/System/Library/PrivateFrameworks/UIFoundation.framework/Versions/A/UIFoundation
0x00007fff2fef5000 	/System/Library/PrivateFrameworks/RemoteViewServices.framework/Versions/A/RemoteViewServices
0x00007fff28c91000 	/System/Library/PrivateFrameworks/XCTTargetBootstrap.framework/Versions/A/XCTTargetBootstrap
0x00007fff2b9dd000 	/usr/lib/libspindump.dylib
0x00007fff23bae000 	/System/Library/Frameworks/UniformTypeIdentifiers.framework/Versions/A/UniformTypeIdentifiers
0x00007fff27468000 	/usr/lib/libapp_launch_measurement.dylib
0x00007fff2746b000 	/System/Library/PrivateFrameworks/CoreAutoLayout.framework/Versions/A/CoreAutoLayout
0x00007fff285f3000 	/System/Library/Frameworks/Metal.framework/Versions/A/Metal
0x00007fff292e6000 	/usr/lib/liblangid.dylib
0x00007fff28c95000 	/System/Library/PrivateFrameworks/CoreSVG.framework/Versions/A/CoreSVG
0x00007fff24b95000 	/System/Library/PrivateFrameworks/SkyLight.framework/Versions/A/SkyLight
0x00007fff24efb000 	/System/Library/Frameworks/CoreGraphics.framework/Versions/A/CoreGraphics
0x00007fff3054c000 	/System/Library/Frameworks/Accelerate.framework/Versions/A/Accelerate
0x00007fff2b418000 	/System/Library/PrivateFrameworks/IconServices.framework/Versions/A/IconServices
0x00007fff285d8000 	/System/Library/Frameworks/IOSurface.framework/Versions/A/IOSurface
0x00007fff26445000 	/usr/lib/libDiagnosticMessagesClient.dylib
0x00007fff28c7d000 	/System/Library/PrivateFrameworks/DFRFoundation.framework/Versions/A/DFRFoundation
0x00007fff22523000 	/usr/lib/libicucore.A.dylib
0x00007fff2cf1d000 	/System/Library/Frameworks/AudioToolbox.framework/Versions/A/AudioToolbox
0x00007fff2c1c3000 	/System/Library/PrivateFrameworks/DataDetectorsCore.framework/Versions/A/DataDetectorsCore
0x00007fff2897d000 	/System/Library/Frameworks/Carbon.framework/Versions/A/Frameworks/HIToolbox.framework/Versions/A/HIToolbox
0x00007fff26ec0000 	/System/Library/Frameworks/QuartzCore.framework/Versions/A/QuartzCore
0x00007fff2ff31000 	/System/Library/Frameworks/Carbon.framework/Versions/A/Frameworks/SpeechRecognition.framework/Versions/A/SpeechRecognition
0x00007fff271d0000 	/System/Library/PrivateFrameworks/CoreUI.framework/Versions/A/CoreUI
0x00007fff21b2d000 	/System/Library/Frameworks/CoreAudio.framework/Versions/A/CoreAudio
0x00007fff26530000 	/System/Library/Frameworks/DiskArbitration.framework/Versions/A/DiskArbitration
0x00007fff2bdd7000 	/System/Library/PrivateFrameworks/MultitouchSupport.framework/Versions/A/MultitouchSupport
0x00007fff2c1ba000 	/System/Library/PrivateFrameworks/InternationalSupport.framework/Versions/A/InternationalSupport
0x00007fff24b09000 	/usr/lib/libenergytrace.dylib
0x00007fff22af1000 	/System/Library/Frameworks/IOKit.framework/Versions/A/IOKit
0x00007fff3027e000 	/System/Library/Frameworks/CoreServices.framework/Versions/A/CoreServices
0x00007fff273fe000 	/System/Library/PrivateFrameworks/PerformanceAnalysis.framework/Versions/A/PerformanceAnalysis
0x00007fff6cb87000 	/System/Library/Frameworks/OpenGL.framework/Versions/A/OpenGL
0x00007fff2c23f000 	/System/Library/PrivateFrameworks/UserActivity.framework/Versions/A/UserActivity
0x00007fff255b5000 	/System/Library/Frameworks/ColorSync.framework/Versions/A/ColorSync
0x00007fff28efd000 	/System/Library/Frameworks/CoreImage.framework/Versions/A/CoreImage
0x00007fff21944000 	/System/Library/Frameworks/CoreText.framework/Versions/A/CoreText
0x00007fff28cbf000 	/System/Library/Frameworks/ImageIO.framework/Versions/A/ImageIO
0x00007fff2a746000 	/System/Library/PrivateFrameworks/SoftLinking.framework/Versions/A/SoftLinking
0x00007fff274b4000 	/usr/lib/libxml2.2.dylib
0x00007fff2a9b8000 	/usr/lib/libcompression.dylib
0x00007fff24b0a000 	/usr/lib/libMobileGestalt.dylib
0x00007fff2c0ed000 	/System/Library/PrivateFrameworks/TextureIO.framework/Versions/A/TextureIO
0x00007fff2b0a5000 	/usr/lib/libate.dylib
0x00007fff2add1000 	/usr/lib/liblzma.5.dylib
0x00007fff20e5a000 	/System/Library/Frameworks/SystemConfiguration.framework/Versions/A/SystemConfiguration
0x00007fff2a742000 	/usr/lib/libfakelink.dylib
0x00007fff2465c000 	/System/Library/Frameworks/CFNetwork.framework/Versions/A/CFNetwork
0x00007fff2a882000 	/usr/lib/libarchive.2.dylib
0x00007fff20ed8000 	/usr/lib/libCRFSuite.dylib
0x00007fff29f11000 	/usr/lib/libbsm.0.dylib
0x00007fff24018000 	/usr/lib/libnetwork.dylib
0x00007fff2a747000 	/usr/lib/libpcap.A.dylib
0x00007fff2628c000 	/usr/lib/libdns_services.dylib
0x00007fff2adea000 	/usr/lib/libcoretls_cfhelpers.dylib
0x00007fff2a986000 	/usr/lib/libapple_nghttp2.dylib
0x00007fff2a6da000 	/usr/lib/system/libkxld.dylib
0x00007fff25efa000 	/usr/lib/libsqlite3.dylib
0x00007fff2a44e000 	/System/Library/PrivateFrameworks/AppleFSCompression.framework/Versions/A/AppleFSCompression
0x00007fff29ef9000 	/usr/lib/libcoretls.dylib
0x00007fff2a9b3000 	/usr/lib/libpam.2.dylib
0x00007fff2aee6000 	/usr/lib/libxar.1.dylib
0x00007fff292e2000 	/System/Library/PrivateFrameworks/AppleSystemInfo.framework/Versions/A/AppleSystemInfo
0x00007fff29b3c000 	/System/Library/PrivateFrameworks/IOMobileFramebuffer.framework/Versions/A/IOMobileFramebuffer
0x00007fff2a45e000 	/usr/lib/libbz2.1.0.dylib
0x00007fff2a77f000 	/usr/lib/libiconv.2.dylib
0x00007fff2a6d3000 	/usr/lib/libcharset.1.dylib
0x00007fff2743a000 	/System/Library/Frameworks/CoreServices.framework/Versions/A/Frameworks/FSEvents.framework/Versions/A/FSEvents
0x00007fff2278f000 	/System/Library/Frameworks/CoreServices.framework/Versions/A/Frameworks/CarbonCore.framework/Versions/A/CarbonCore
0x00007fff26495000 	/System/Library/Frameworks/CoreServices.framework/Versions/A/Frameworks/Metadata.framework/Versions/A/Metadata
0x00007fff2a471000 	/System/Library/Frameworks/CoreServices.framework/Versions/A/Frameworks/OSServices.framework/Versions/A/OSServices
0x00007fff2a8f4000 	/System/Library/Frameworks/CoreServices.framework/Versions/A/Frameworks/SearchKit.framework/Versions/A/SearchKit
0x00007fff26216000 	/System/Library/Frameworks/CoreServices.framework/Versions/A/Frameworks/AE.framework/Versions/A/AE
0x00007fff20900000 	/System/Library/Frameworks/CoreServices.framework/Versions/A/Frameworks/LaunchServices.framework/Versions/A/LaunchServices
0x00007fff2ad82000 	/System/Library/Frameworks/CoreServices.framework/Versions/A/Frameworks/DictionaryServices.framework/Versions/A/DictionaryServices
0x00007fff27443000 	/System/Library/Frameworks/CoreServices.framework/Versions/A/Frameworks/SharedFileList.framework/Versions/A/SharedFileList
0x00007fff29eed000 	/usr/lib/libCheckFix.dylib
0x00007fff24b7d000 	/System/Library/PrivateFrameworks/TCC.framework/Versions/A/TCC
0x00007fff292e8000 	/System/Library/PrivateFrameworks/CoreNLP.framework/Versions/A/CoreNLP
0x00007fff26448000 	/System/Library/PrivateFrameworks/MetadataUtilities.framework/Versions/A/MetadataUtilities
0x00007fff20f0e000 	/usr/lib/libmecabra.dylib
0x00007fff2a201000 	/System/Library/Frameworks/MLCompute.framework/Versions/A/MLCompute
0x00007fff29f22000 	/usr/lib/libmecab.dylib
0x00007fff29f6c000 	/usr/lib/libgermantok.dylib
0x00007fff2a95c000 	/usr/lib/libThaiTokenizer.dylib
0x00007fff2af21000 	/usr/lib/libChineseTokenizer.dylib
0x00007fff2a9b1000 	/System/Library/Frameworks/MetalPerformanceShaders.framework/Versions/A/MetalPerformanceShaders
0x00007fff26537000 	/System/Library/Frameworks/Accelerate.framework/Versions/A/Frameworks/vImage.framework/Versions/A/vImage
0x00007fff30257000 	/System/Library/Frameworks/Accelerate.framework/Versions/A/Frameworks/vecLib.framework/Versions/A/vecLib
0x00007fff2af2c000 	/System/Library/Frameworks/Accelerate.framework/Versions/A/Frameworks/vecLib.framework/Versions/A/libvMisc.dylib
0x00007fff29998000 	/System/Library/Frameworks/Accelerate.framework/Versions/A/Frameworks/vecLib.framework/Versions/A/libvDSP.dylib
0x00007fff20c04000 	/System/Library/Frameworks/Accelerate.framework/Versions/A/Frameworks/vecLib.framework/Versions/A/libBLAS.dylib
0x00007fff2a9d7000 	/System/Library/Frameworks/Accelerate.framework/Versions/A/Frameworks/vecLib.framework/Versions/A/libLAPACK.dylib
0x00007fff29f72000 	/System/Library/Frameworks/Accelerate.framework/Versions/A/Frameworks/vecLib.framework/Versions/A/libLinearAlgebra.dylib
0x00007fff2a99e000 	/System/Library/Frameworks/Accelerate.framework/Versions/A/Frameworks/vecLib.framework/Versions/A/libSparseBLAS.dylib
0x00007fff2a9d1000 	/System/Library/Frameworks/Accelerate.framework/Versions/A/Frameworks/vecLib.framework/Versions/A/libQuadrature.dylib
0x00007fff29390000 	/System/Library/Frameworks/Accelerate.framework/Versions/A/Frameworks/vecLib.framework/Versions/A/libBNNS.dylib
0x00007fff20deb000 	/System/Library/Frameworks/Accelerate.framework/Versions/A/Frameworks/vecLib.framework/Versions/A/libSparse.dylib
0x00007fff2927b000 	/System/Library/Frameworks/MetalPerformanceShaders.framework/Versions/A/Frameworks/MPSCore.framework/Versions/A/MPSCore
0x00007fff2a3bd000 	/System/Library/Frameworks/MetalPerformanceShaders.framework/Versions/A/Frameworks/MPSImage.framework/Versions/A/MPSImage
0x00007fff29f89000 	/System/Library/Frameworks/MetalPerformanceShaders.framework/Versions/A/Frameworks/MPSNeuralNetwork.framework/Versions/A/MPSNeuralNetwork
0x00007fff2a348000 	/System/Library/Frameworks/MetalPerformanceShaders.framework/Versions/A/Frameworks/MPSMatrix.framework/Versions/A/MPSMatrix
0x00007fff2a1b1000 	/System/Library/Frameworks/MetalPerformanceShaders.framework/Versions/A/Frameworks/MPSRayIntersector.framework/Versions/A/MPSRayIntersector
0x00007fff2a37f000 	/System/Library/Frameworks/MetalPerformanceShaders.framework/Versions/A/Frameworks/MPSNDArray.framework/Versions/A/MPSNDArray
0x00007fff20b30000 	/System/Library/PrivateFrameworks/MetalTools.framework/Versions/A/MetalTools
0x00007fff292e0000 	/System/Library/PrivateFrameworks/AggregateDictionary.framework/Versions/A/AggregateDictionary
0x00007fff26420000 	/System/Library/PrivateFrameworks/CoreAnalytics.framework/Versions/A/CoreAnalytics
0x00007fff2a95e000 	/System/Library/PrivateFrameworks/AppleSauce.framework/Versions/A/AppleSauce
0x00007fff285ea000 	/System/Library/PrivateFrameworks/IOAccelerator.framework/Versions/A/IOAccelerator
0x00007fff6cb7b000 	/System/Library/Frameworks/OpenGL.framework/Versions/A/Libraries/libCoreFSCache.dylib
0x00007fff214aa000 	/System/Library/PrivateFrameworks/LanguageModeling.framework/Versions/A/LanguageModeling
0x00007fff29b29000 	/System/Library/PrivateFrameworks/CoreEmoji.framework/Versions/A/CoreEmoji
0x00007fff29389000 	/System/Library/PrivateFrameworks/LinguisticData.framework/Versions/A/LinguisticData
0x00007fff20d9d000 	/System/Library/PrivateFrameworks/Lexicon.framework/Versions/A/Lexicon
0x00007fff2a870000 	/usr/lib/libcmph.dylib
0x00007fff2741a000 	/System/Library/Frameworks/OpenDirectory.framework/Versions/A/Frameworks/CFOpenDirectory.framework/Versions/A/CFOpenDirectory
0x00007fff2740a000 	/System/Library/Frameworks/OpenDirectory.framework/Versions/A/OpenDirectory
0x00007fff2adec000 	/System/Library/PrivateFrameworks/APFS.framework/Versions/A/APFS
0x00007fff29e4e000 	/System/Library/Frameworks/SecurityFoundation.framework/Versions/A/SecurityFoundation
0x00007fff2aef4000 	/usr/lib/libutil.dylib
0x00007fff22ab6000 	/System/Library/PrivateFrameworks/CoreServicesStore.framework/Versions/A/CoreServicesStore
0x00007fff29ee5000 	/System/Library/Frameworks/ServiceManagement.framework/Versions/A/ServiceManagement
0x00007fff2aef8000 	/usr/lib/libxslt.1.dylib
0x00007fff29edb000 	/System/Library/PrivateFrameworks/BackgroundTaskManagement.framework/Versions/A/BackgroundTaskManagement
0x00007fff2c038000 	/System/Library/Frameworks/ImageIO.framework/Versions/A/Resources/libRadiance.dylib
0x00007fff2c041000 	/System/Library/Frameworks/ImageIO.framework/Versions/A/Resources/libJPEG.dylib
0x00007fff2bf91000 	/System/Library/Frameworks/ImageIO.framework/Versions/A/Resources/libPng.dylib
0x00007fff2bfb8000 	/System/Library/Frameworks/ImageIO.framework/Versions/A/Resources/libTIFF.dylib
0x00007fff2c096000 	/System/Library/Frameworks/ImageIO.framework/Versions/A/Resources/libGIF.dylib
0x00007fff2bcf5000 	/System/Library/Frameworks/ImageIO.framework/Versions/A/Resources/libJP2.dylib
0x00007fff2b3df000 	/usr/lib/libexpat.1.dylib
0x00007fff2bcaa000 	/System/Library/PrivateFrameworks/AppleJPEG.framework/Versions/A/AppleJPEG
0x00007fff28820000 	/System/Library/PrivateFrameworks/FontServices.framework/libFontParser.dylib
0x00007fff261ca000 	/System/Library/PrivateFrameworks/RunningBoardServices.framework/Versions/A/RunningBoardServices
0x00007fff2bdd3000 	/System/Library/PrivateFrameworks/WatchdogClient.framework/Versions/A/WatchdogClient
0x00007fff21597000 	/System/Library/Frameworks/CoreDisplay.framework/Versions/A/CoreDisplay
0x00007fff28736000 	/System/Library/Frameworks/CoreMedia.framework/Versions/A/CoreMedia
0x00007fff27597000 	/System/Library/Frameworks/CoreVideo.framework/Versions/A/CoreVideo
0x00007fff2be0b000 	/System/Library/Frameworks/VideoToolbox.framework/Versions/A/VideoToolbox
0x00007fff26148000 	/System/Library/PrivateFrameworks/BaseBoard.framework/Versions/A/BaseBoard
0x00007fff2b524000 	/System/Library/PrivateFrameworks/PersistentConnection.framework/Versions/A/PersistentConnection
0x00007fff25ee3000 	/System/Library/PrivateFrameworks/ProtocolBuffer.framework/Versions/A/ProtocolBuffer
0x00007fff2612f000 	/System/Library/PrivateFrameworks/CommonUtilities.framework/Versions/A/CommonUtilities
0x00007fff2bc3f000 	/System/Library/PrivateFrameworks/Bom.framework/Versions/A/Bom
0x00007fff2c031000 	/System/Library/PrivateFrameworks/GPUWrangler.framework/Versions/A/GPUWrangler
0x00007fff2c016000 	/System/Library/PrivateFrameworks/IOPresentment.framework/Versions/A/IOPresentment
0x00007fff2c03b000 	/System/Library/PrivateFrameworks/DSExternalDisplay.framework/Versions/A/DSExternalDisplay
0x00007fff2c09b000 	/System/Library/PrivateFrameworks/CMCaptureCore.framework/Versions/A/CMCaptureCore
0x00007fff2b9c4000 	/System/Library/PrivateFrameworks/AppServerSupport.framework/Versions/A/AppServerSupport
0x00007fff2da6e000 	/System/Library/PrivateFrameworks/perfdata.framework/Versions/A/perfdata
0x00007fff29e3d000 	/System/Library/PrivateFrameworks/AssertionServices.framework/Versions/A/AssertionServices
0x00007fff216ce000 	/System/Library/PrivateFrameworks/AudioToolboxCore.framework/Versions/A/AudioToolboxCore
0x00007fff28719000 	/System/Library/PrivateFrameworks/caulk.framework/Versions/A/caulk
0x00007fff3d6fb000 	/System/Library/PrivateFrameworks/SystemPolicy.framework/Versions/A/SystemPolicy
0x00007fff2b1d4000 	/usr/lib/libIOReport.dylib
0x00007fff2d290000 	/usr/lib/libSMC.dylib
0x00007fff2bf5e000 	/usr/lib/libAudioToolboxUtility.dylib
0x00007fff3e065000 	/usr/lib/libmis.dylib
0x00007fff6cbd7000 	/System/Library/Frameworks/OpenGL.framework/Versions/A/Libraries/libGLU.dylib
0x00007fff6cb9a000 	/System/Library/Frameworks/OpenGL.framework/Versions/A/Libraries/libGFXShared.dylib
0x00007fff6cda9000 	/System/Library/Frameworks/OpenGL.framework/Versions/A/Libraries/libGL.dylib
0x00007fff6cba3000 	/System/Library/Frameworks/OpenGL.framework/Versions/A/Libraries/libGLImage.dylib
0x00007fff6cb97000 	/System/Library/Frameworks/OpenGL.framework/Versions/A/Libraries/libCVMSPluginSupport.dylib
0x00007fff6cb82000 	/System/Library/Frameworks/OpenGL.framework/Versions/A/Libraries/libCoreVMClient.dylib
0x00007fff6e1ea000 	/System/Library/Frameworks/OpenCL.framework/Versions/A/OpenCL
0x00007fff2b54e000 	/System/Library/PrivateFrameworks/GraphVisualizer.framework/Versions/A/GraphVisualizer
0x00007fff2b55d000 	/System/Library/PrivateFrameworks/FaceCore.framework/Versions/A/FaceCore
0x00007fff2b979000 	/System/Library/PrivateFrameworks/OTSVG.framework/Versions/A/OTSVG
0x00007fff2718e000 	/System/Library/Frameworks/ApplicationServices.framework/Versions/A/Frameworks/ATS.framework/Versions/A/Resources/libFontRegistry.dylib
0x00007fff2b9cb000 	/System/Library/PrivateFrameworks/FontServices.framework/libhvf.dylib
0x00007fff2b38b000 	/System/Library/PrivateFrameworks/AppleVA.framework/Versions/A/AppleVA
0x00007fff2d0d9000 	/System/Library/Frameworks/ApplicationServices.framework/Versions/A/Frameworks/ATS.framework/Versions/A/ATS
0x00007fff2d3eb000 	/System/Library/Frameworks/ApplicationServices.framework/Versions/A/Frameworks/ColorSyncLegacy.framework/Versions/A/ColorSyncLegacy
0x00007fff256ac000 	/System/Library/Frameworks/ApplicationServices.framework/Versions/A/Frameworks/HIServices.framework/Versions/A/HIServices
0x00007fff2d3d0000 	/System/Library/Frameworks/ApplicationServices.framework/Versions/A/Frameworks/LangAnalysis.framework/Versions/A/LangAnalysis
0x00007fff2c0a5000 	/System/Library/Frameworks/ApplicationServices.framework/Versions/A/Frameworks/PrintCore.framework/Versions/A/PrintCore
0x00007fff2d3f3000 	/System/Library/Frameworks/ApplicationServices.framework/Versions/A/Frameworks/QD.framework/Versions/A/QD
0x00007fff2d0c9000 	/System/Library/Frameworks/ApplicationServices.framework/Versions/A/Frameworks/SpeechSynthesis.framework/Versions/A/SpeechSynthesis
0x00007fff2c066000 	/System/Library/Frameworks/ApplicationServices.framework/Versions/A/Frameworks/ATSUI.framework/Versions/A/ATSUI
0x00007fff2d370000 	/usr/lib/libcups.2.dylib
0x00007fff2d3e0000 	/System/Library/PrivateFrameworks/NetAuth.framework/Versions/A/NetAuth
0x00007fff2da8a000 	/System/Library/Frameworks/Kerberos.framework/Versions/A/Kerberos
0x00007fff2da9a000 	/System/Library/Frameworks/GSS.framework/Versions/A/GSS
0x00007fff2d145000 	/usr/lib/libresolv.9.dylib
0x00007fff2b9e0000 	/System/Library/PrivateFrameworks/Heimdal.framework/Versions/A/Heimdal
0x00007fff33811000 	/System/Library/Frameworks/Kerberos.framework/Versions/A/Libraries/libHeimdalProxy.dylib
0x00007fff2629b000 	/System/Library/Frameworks/Network.framework/Versions/A/Network
0x00007fff2b3f9000 	/usr/lib/libheimdal-asn1.dylib
0x00007fff2daea000 	/System/Library/PrivateFrameworks/CommonAuth.framework/Versions/A/CommonAuth
0x00007fff275e4000 	/System/Library/PrivateFrameworks/login.framework/Versions/A/Frameworks/loginsupport.framework/Versions/A/loginsupport
0x00007fff2d04e000 	/System/Library/PrivateFrameworks/AudioSession.framework/Versions/A/AudioSession
0x00007fff2d0b6000 	/usr/lib/libAudioStatistics.dylib
0x00007fff2b486000 	/System/Library/PrivateFrameworks/MediaExperience.framework/Versions/A/MediaExperience
0x00007fff2ceeb000 	/System/Library/PrivateFrameworks/AudioSession.framework/libSessionUtility.dylib
0x00007fff2da7b000 	/usr/lib/libperfcheck.dylib
0x00007fff2d3ff000 	/System/Library/PrivateFrameworks/AudioResourceArbitration.framework/Versions/A/AudioResourceArbitration
0x00007fff2b403000 	/System/Library/PrivateFrameworks/IconFoundation.framework/Versions/A/IconFoundation
0x00007fff2ff21000 	/System/Library/PrivateFrameworks/SpeechRecognitionCore.framework/Versions/A/SpeechRecognitionCore
0x0000000111000000 	/Library/Java/JavaVirtualMachines/jdk-15.0.1.jdk/Contents/Home/lib/server/libjvm.dylib
0x000000010cbef000 	/Library/Java/JavaVirtualMachines/jdk-15.0.1.jdk/Contents/Home/lib/libjimage.dylib
0x000000010cc09000 	/Library/Java/JavaVirtualMachines/jdk-15.0.1.jdk/Contents/Home/lib/libinstrument.dylib
0x000000010cc2e000 	/Library/Java/JavaVirtualMachines/jdk-15.0.1.jdk/Contents/Home/lib/libjava.dylib
0x000000013393e000 	/Library/Java/JavaVirtualMachines/jdk-15.0.1.jdk/Contents/Home/lib/libzip.dylib
0x0000000133965000 	/Library/Java/JavaVirtualMachines/jdk-15.0.1.jdk/Contents/Home/lib/libnio.dylib
0x0000000133993000 	/Library/Java/JavaVirtualMachines/jdk-15.0.1.jdk/Contents/Home/lib/libnet.dylib
0x0000000133a88000 	/Library/Java/JavaVirtualMachines/jdk-15.0.1.jdk/Contents/Home/lib/libextnet.dylib
0x0000000133d5e000 	/Library/Java/JavaVirtualMachines/jdk-15.0.1.jdk/Contents/Home/lib/libverify.dylib
0x000000013447d000 	/Library/Java/JavaVirtualMachines/jdk-15.0.1.jdk/Contents/Home/lib/libmanagement.dylib
0x0000000134494000 	/Library/Java/JavaVirtualMachines/jdk-15.0.1.jdk/Contents/Home/lib/libmanagement_ext.dylib


VM Arguments:
jvm_args: -ea -Didea.test.cyclic.buffer.size=1048576 -javaagent:/Applications/IntelliJ IDEA Edu.app/Contents/lib/idea_rt.jar=51703:/Applications/IntelliJ IDEA Edu.app/Contents/bin -Dfile.encoding=UTF-8 
java_command: com.intellij.rt.junit.JUnitStarter -ideVersion5 -junit5 com.srinivart.ProjectReactorApplicationTests,case17
java_class_path (initial): /Applications/IntelliJ IDEA Edu.app/Contents/lib/idea_rt.jar:/Users/srinivaspanaganti/.m2/repository/org/junit/platform/junit-platform-launcher/1.7.2/junit-platform-launcher-1.7.2.jar:/Applications/IntelliJ IDEA Edu.app/Contents/plugins/junit/lib/junit5-rt.jar:/Applications/IntelliJ IDEA Edu.app/Contents/plugins/junit/lib/junit-rt.jar:/Users/srinivaspanaganti/Documents/Java8/project-reactor/target/test-classes:/Users/srinivaspanaganti/Documents/Java8/project-reactor/target/classes:/Users/srinivaspanaganti/.m2/repository/org/springframework/boot/spring-boot-starter-web/2.5.2/spring-boot-starter-web-2.5.2.jar:/Users/srinivaspanaganti/.m2/repository/org/springframework/boot/spring-boot-starter/2.5.2/spring-boot-starter-2.5.2.jar:/Users/srinivaspanaganti/.m2/repository/org/springframework/boot/spring-boot/2.5.2/spring-boot-2.5.2.jar:/Users/srinivaspanaganti/.m2/repository/org/springframework/boot/spring-boot-autoconfigure/2.5.2/spring-boot-autoconfigure-2.5.2.jar:/Users/srinivaspanaganti/.m2/repository/org/springframework/boot/spring-boot-starter-logging/2.5.2/spring-boot-starter-logging-2.5.2.jar:/Users/srinivaspanaganti/.m2/repository/ch/qos/logback/logback-classic/1.2.3/logback-classic-1.2.3.jar:/Users/srinivaspanaganti/.m2/repository/ch/qos/logback/logback-core/1.2.3/logback-core-1.2.3.jar:/Users/srinivaspanaganti/.m2/repository/org/apache/logging/log4j/log4j-to-slf4j/2.14.1/log4j-to-slf4j-2.14.1.jar:/Users/srinivaspanaganti/.m2/repository/org/apache/logging/log4j/log4j-api/2.14.1/log4j-api-2.14.1.jar:/Users/srinivaspanaganti/.m2/repository/org/slf4j/jul-to-slf4j/1.7.31/jul-to-slf4j-1.7.31.jar:/Users/srinivaspanaganti/.m2/repository/jakarta/annotation/jakarta.annotation-api/1.3.5/jakarta.annotation-api-1.3.5.jar:/Users/srinivaspanaganti/.m2/repository/org/yaml/snakeyaml/1.28/snakeyaml-1.28.jar:/Users/srinivaspanaganti/.m2/repository/org/springframework/boot/spring-boot-starter-json/2.5.2/spring-boot-starter-json-2.5.2.jar:/Users/srinivas
Launcher Type: SUN_STANDARD

[Global flags]
     intx CICompilerCount                          = 4                                         {product} {ergonomic}
     uint ConcGCThreads                            = 2                                         {product} {ergonomic}
     uint G1ConcRefinementThreads                  = 8                                         {product} {ergonomic}
   size_t G1HeapRegionSize                         = 1048576                                   {product} {ergonomic}
    uintx GCDrainStackTargetSize                   = 64                                        {product} {ergonomic}
   size_t InitialHeapSize                          = 134217728                                 {product} {ergonomic}
   size_t MarkStackSize                            = 4194304                                   {product} {ergonomic}
   size_t MaxHeapSize                              = 2147483648                                {product} {ergonomic}
   size_t MaxNewSize                               = 1287651328                                {product} {ergonomic}
   size_t MinHeapDeltaBytes                        = 1048576                                   {product} {ergonomic}
   size_t MinHeapSize                              = 8388608                                   {product} {ergonomic}
    uintx NonNMethodCodeHeapSize                   = 5839372                                {pd product} {ergonomic}
    uintx NonProfiledCodeHeapSize                  = 122909434                              {pd product} {ergonomic}
    uintx ProfiledCodeHeapSize                     = 122909434                              {pd product} {ergonomic}
    uintx ReservedCodeCacheSize                    = 251658240                              {pd product} {ergonomic}
     bool SegmentedCodeCache                       = true                                      {product} {ergonomic}
   size_t SoftMaxHeapSize                          = 2147483648                             {manageable} {ergonomic}
     bool UseCompressedClassPointers               = true                                 {lp64_product} {ergonomic}
     bool UseCompressedOops                        = true                                 {lp64_product} {ergonomic}
     bool UseG1GC                                  = true                                      {product} {ergonomic}
     bool UseNUMA                                  = false                                     {product} {ergonomic}
     bool UseNUMAInterleaving                      = false                                     {product} {ergonomic}

Logging:
Log output configuration:
 #0: stdout all=warning uptime,level,tags
 #1: stderr all=off uptime,level,tags

Environment Variables:
PATH=/opt/homebrew/bin:/opt/homebrew/sbin:/usr/local/bin:/usr/bin:/bin:/usr/sbin:/sbin
SHELL=/bin/zsh
LC_CTYPE=en_IN.UTF-8

Signal Handlers:
SIGSEGV: [libjvm.dylib+0x9fe2e0], sa_mask[0]=11111111111111111111111111111111, sa_flags=SA_ONSTACK|SA_RESTART|SA_SIGINFO
SIGBUS: [libjvm.dylib+0x9fe2e0], sa_mask[0]=11111111111111111111111111111111, sa_flags=SA_RESTART|SA_SIGINFO
SIGFPE: [libjvm.dylib+0x9fe2e0], sa_mask[0]=11111111111111111111111111111111, sa_flags=SA_RESTART|SA_SIGINFO
SIGPIPE: [libjvm.dylib+0x82a110], sa_mask[0]=11111111111111111111111111111111, sa_flags=SA_RESTART|SA_SIGINFO
SIGXFSZ: [libjvm.dylib+0x82a110], sa_mask[0]=11111111111111111111111111111111, sa_flags=SA_RESTART|SA_SIGINFO
SIGILL: [libjvm.dylib+0x9fe2e0], sa_mask[0]=11111111111111111111111111111111, sa_flags=SA_RESTART|SA_SIGINFO
SIGUSR2: [libjvm.dylib+0x82ac20], sa_mask[0]=00100000000000000000000000000000, sa_flags=SA_RESTART|SA_SIGINFO
SIGHUP: [libjvm.dylib+0x829320], sa_mask[0]=11111111111111111111111111111111, sa_flags=SA_RESTART|SA_SIGINFO
SIGINT: [libjvm.dylib+0x829320], sa_mask[0]=11111111111111111111111111111111, sa_flags=SA_RESTART|SA_SIGINFO
SIGTERM: [libjvm.dylib+0x829320], sa_mask[0]=11111111111111111111111111111111, sa_flags=SA_RESTART|SA_SIGINFO
SIGQUIT: [libjvm.dylib+0x829320], sa_mask[0]=11111111111111111111111111111111, sa_flags=SA_RESTART|SA_SIGINFO


---------------  S Y S T E M  ---------------

OS:uname: Darwin 20.2.0 Darwin Kernel Version 20.2.0: Wed Dec  2 20:40:21 PST 2020; root:xnu-7195.60.75~1/RELEASE_ARM64_T8101 x86_64
OS uptime: 0 days 2:53 hours
rlimit (soft/hard): STACK 8176k/65520k , CORE 0k/infinity , NPROC 1333/2000 , NOFILE 10240/infinity , AS infinity/infinity , CPU infinity/infinity , DATA infinity/infinity , FSIZE infinity/infinity , MEMLOCK infinity/infinity , RSS infinity/infinity
load average: 1.34 1.29 1.35

CPU: total 8 (initial active 8) (1 cores per cpu, 1 threads per core) family 6 model 44 stepping 0 microcode 0x0, cmov, cx8, fxsr, mmx, sse, sse2, sse3, ssse3, sse4.1, sse4.2, popcnt, aes, clmul, tsc, tscinvbit, tscinv, clflush

Memory: 4k page, physical 8388608k(20032k free), swap 3145728k(1048832k free)

vm_info: Java HotSpot(TM) 64-Bit Server VM (15.0.1+9-18) for bsd-amd64 JRE (15.0.1+9-18), built on Sep 15 2020 13:50:45 by "mach5one" with clang 4.2.1 Compatible Apple LLVM 10.0.0 (clang-1000.11.45.5)

END.
